0 info it worked if it ends with ok
1 verbose cli [ '/usr/bin/nodejs', '/usr/bin/npm', 'i' ]
2 info using npm@1.3.10
3 info using node@v0.10.25
4 warn package.json angular-quickstart@1.0.0 No description
5 warn package.json angular-quickstart@1.0.0 No repository field.
6 warn package.json angular-quickstart@1.0.0 No README data
7 verbose readDependencies using package.json deps
8 verbose install where, deps [ '/root/jasonvila.com/frontend',
8 verbose install   [ '@angular/common',
8 verbose install     '@angular/compiler',
8 verbose install     '@angular/core',
8 verbose install     '@angular/forms',
8 verbose install     '@angular/http',
8 verbose install     '@angular/platform-browser',
8 verbose install     '@angular/platform-browser-dynamic',
8 verbose install     '@angular/router',
8 verbose install     '@angular/upgrade',
8 verbose install     'angular-in-memory-web-api',
8 verbose install     'bootstrap',
8 verbose install     'core-js',
8 verbose install     'primeng',
8 verbose install     'primeui',
8 verbose install     'reflect-metadata',
8 verbose install     'rxjs',
8 verbose install     'systemjs',
8 verbose install     'zone.js',
8 verbose install     '@types/core-js',
8 verbose install     '@types/node',
8 verbose install     'concurrently',
8 verbose install     'lite-server',
8 verbose install     'style-loader',
8 verbose install     'html-loader',
8 verbose install     'css-loader',
8 verbose install     'awesome-typescript-loader',
8 verbose install     'babel',
8 verbose install     'webpack',
8 verbose install     'typescript' ] ]
9 info preinstall angular-quickstart@1.0.0
10 verbose readDependencies using package.json deps
11 verbose cache add [ '@angular/core@~2.1.1', null ]
12 verbose cache add name=undefined spec="@angular/core@~2.1.1" args=["@angular/core@~2.1.1",null]
13 verbose parsed url { protocol: null,
13 verbose parsed url   slashes: null,
13 verbose parsed url   auth: null,
13 verbose parsed url   host: null,
13 verbose parsed url   port: null,
13 verbose parsed url   hostname: null,
13 verbose parsed url   hash: null,
13 verbose parsed url   search: null,
13 verbose parsed url   query: null,
13 verbose parsed url   pathname: '@angular/core@~2.1.1',
13 verbose parsed url   path: '@angular/core@~2.1.1',
13 verbose parsed url   href: '@angular/core@~2.1.1' }
14 verbose cache add name="" spec="angular/core@~2.1.1" args=["","angular/core@~2.1.1"]
15 verbose parsed url { protocol: null,
15 verbose parsed url   slashes: null,
15 verbose parsed url   auth: null,
15 verbose parsed url   host: null,
15 verbose parsed url   port: null,
15 verbose parsed url   hostname: null,
15 verbose parsed url   hash: null,
15 verbose parsed url   search: null,
15 verbose parsed url   query: null,
15 verbose parsed url   pathname: 'angular/core@~2.1.1',
15 verbose parsed url   path: 'angular/core@~2.1.1',
15 verbose parsed url   href: 'angular/core@~2.1.1' }
16 verbose cache add name="angular/core" spec="~2.1.1" args=["angular/core","~2.1.1"]
17 verbose parsed url { protocol: null,
17 verbose parsed url   slashes: null,
17 verbose parsed url   auth: null,
17 verbose parsed url   host: null,
17 verbose parsed url   port: null,
17 verbose parsed url   hostname: null,
17 verbose parsed url   hash: null,
17 verbose parsed url   search: null,
17 verbose parsed url   query: null,
17 verbose parsed url   pathname: '~2.1.1',
17 verbose parsed url   path: '~2.1.1',
17 verbose parsed url   href: '~2.1.1' }
18 verbose addNamed [ 'angular/core', '~2.1.1' ]
19 verbose addNamed [ null, '>=2.1.1-0 <2.2.0-0' ]
20 silly lockFile 53ecb7c2-angular-core-2-1-1 angular/core@~2.1.1
21 verbose lock angular/core@~2.1.1 /root/.npm/53ecb7c2-angular-core-2-1-1.lock
22 verbose cache add [ '@angular/http@~2.1.1', null ]
23 verbose cache add name=undefined spec="@angular/http@~2.1.1" args=["@angular/http@~2.1.1",null]
24 verbose parsed url { protocol: null,
24 verbose parsed url   slashes: null,
24 verbose parsed url   auth: null,
24 verbose parsed url   host: null,
24 verbose parsed url   port: null,
24 verbose parsed url   hostname: null,
24 verbose parsed url   hash: null,
24 verbose parsed url   search: null,
24 verbose parsed url   query: null,
24 verbose parsed url   pathname: '@angular/http@~2.1.1',
24 verbose parsed url   path: '@angular/http@~2.1.1',
24 verbose parsed url   href: '@angular/http@~2.1.1' }
25 verbose cache add name="" spec="angular/http@~2.1.1" args=["","angular/http@~2.1.1"]
26 verbose parsed url { protocol: null,
26 verbose parsed url   slashes: null,
26 verbose parsed url   auth: null,
26 verbose parsed url   host: null,
26 verbose parsed url   port: null,
26 verbose parsed url   hostname: null,
26 verbose parsed url   hash: null,
26 verbose parsed url   search: null,
26 verbose parsed url   query: null,
26 verbose parsed url   pathname: 'angular/http@~2.1.1',
26 verbose parsed url   path: 'angular/http@~2.1.1',
26 verbose parsed url   href: 'angular/http@~2.1.1' }
27 verbose cache add name="angular/http" spec="~2.1.1" args=["angular/http","~2.1.1"]
28 verbose parsed url { protocol: null,
28 verbose parsed url   slashes: null,
28 verbose parsed url   auth: null,
28 verbose parsed url   host: null,
28 verbose parsed url   port: null,
28 verbose parsed url   hostname: null,
28 verbose parsed url   hash: null,
28 verbose parsed url   search: null,
28 verbose parsed url   query: null,
28 verbose parsed url   pathname: '~2.1.1',
28 verbose parsed url   path: '~2.1.1',
28 verbose parsed url   href: '~2.1.1' }
29 verbose addNamed [ 'angular/http', '~2.1.1' ]
30 verbose addNamed [ null, '>=2.1.1-0 <2.2.0-0' ]
31 silly lockFile ef0b1a6b-angular-http-2-1-1 angular/http@~2.1.1
32 verbose lock angular/http@~2.1.1 /root/.npm/ef0b1a6b-angular-http-2-1-1.lock
33 verbose cache add [ '@angular/forms@~2.1.1', null ]
34 verbose cache add name=undefined spec="@angular/forms@~2.1.1" args=["@angular/forms@~2.1.1",null]
35 verbose parsed url { protocol: null,
35 verbose parsed url   slashes: null,
35 verbose parsed url   auth: null,
35 verbose parsed url   host: null,
35 verbose parsed url   port: null,
35 verbose parsed url   hostname: null,
35 verbose parsed url   hash: null,
35 verbose parsed url   search: null,
35 verbose parsed url   query: null,
35 verbose parsed url   pathname: '@angular/forms@~2.1.1',
35 verbose parsed url   path: '@angular/forms@~2.1.1',
35 verbose parsed url   href: '@angular/forms@~2.1.1' }
36 verbose cache add name="" spec="angular/forms@~2.1.1" args=["","angular/forms@~2.1.1"]
37 verbose parsed url { protocol: null,
37 verbose parsed url   slashes: null,
37 verbose parsed url   auth: null,
37 verbose parsed url   host: null,
37 verbose parsed url   port: null,
37 verbose parsed url   hostname: null,
37 verbose parsed url   hash: null,
37 verbose parsed url   search: null,
37 verbose parsed url   query: null,
37 verbose parsed url   pathname: 'angular/forms@~2.1.1',
37 verbose parsed url   path: 'angular/forms@~2.1.1',
37 verbose parsed url   href: 'angular/forms@~2.1.1' }
38 verbose cache add name="angular/forms" spec="~2.1.1" args=["angular/forms","~2.1.1"]
39 verbose parsed url { protocol: null,
39 verbose parsed url   slashes: null,
39 verbose parsed url   auth: null,
39 verbose parsed url   host: null,
39 verbose parsed url   port: null,
39 verbose parsed url   hostname: null,
39 verbose parsed url   hash: null,
39 verbose parsed url   search: null,
39 verbose parsed url   query: null,
39 verbose parsed url   pathname: '~2.1.1',
39 verbose parsed url   path: '~2.1.1',
39 verbose parsed url   href: '~2.1.1' }
40 verbose addNamed [ 'angular/forms', '~2.1.1' ]
41 verbose addNamed [ null, '>=2.1.1-0 <2.2.0-0' ]
42 silly lockFile 00c9dc74-angular-forms-2-1-1 angular/forms@~2.1.1
43 verbose lock angular/forms@~2.1.1 /root/.npm/00c9dc74-angular-forms-2-1-1.lock
44 verbose cache add [ '@angular/platform-browser@~2.1.1', null ]
45 verbose cache add name=undefined spec="@angular/platform-browser@~2.1.1" args=["@angular/platform-browser@~2.1.1",null]
46 verbose parsed url { protocol: null,
46 verbose parsed url   slashes: null,
46 verbose parsed url   auth: null,
46 verbose parsed url   host: null,
46 verbose parsed url   port: null,
46 verbose parsed url   hostname: null,
46 verbose parsed url   hash: null,
46 verbose parsed url   search: null,
46 verbose parsed url   query: null,
46 verbose parsed url   pathname: '@angular/platform-browser@~2.1.1',
46 verbose parsed url   path: '@angular/platform-browser@~2.1.1',
46 verbose parsed url   href: '@angular/platform-browser@~2.1.1' }
47 verbose cache add name="" spec="angular/platform-browser@~2.1.1" args=["","angular/platform-browser@~2.1.1"]
48 verbose parsed url { protocol: null,
48 verbose parsed url   slashes: null,
48 verbose parsed url   auth: null,
48 verbose parsed url   host: null,
48 verbose parsed url   port: null,
48 verbose parsed url   hostname: null,
48 verbose parsed url   hash: null,
48 verbose parsed url   search: null,
48 verbose parsed url   query: null,
48 verbose parsed url   pathname: 'angular/platform-browser@~2.1.1',
48 verbose parsed url   path: 'angular/platform-browser@~2.1.1',
48 verbose parsed url   href: 'angular/platform-browser@~2.1.1' }
49 verbose cache add name="angular/platform-browser" spec="~2.1.1" args=["angular/platform-browser","~2.1.1"]
50 verbose parsed url { protocol: null,
50 verbose parsed url   slashes: null,
50 verbose parsed url   auth: null,
50 verbose parsed url   host: null,
50 verbose parsed url   port: null,
50 verbose parsed url   hostname: null,
50 verbose parsed url   hash: null,
50 verbose parsed url   search: null,
50 verbose parsed url   query: null,
50 verbose parsed url   pathname: '~2.1.1',
50 verbose parsed url   path: '~2.1.1',
50 verbose parsed url   href: '~2.1.1' }
51 verbose addNamed [ 'angular/platform-browser', '~2.1.1' ]
52 verbose addNamed [ null, '>=2.1.1-0 <2.2.0-0' ]
53 silly lockFile 5666c085-angular-platform-browser-2-1-1 angular/platform-browser@~2.1.1
54 verbose lock angular/platform-browser@~2.1.1 /root/.npm/5666c085-angular-platform-browser-2-1-1.lock
55 verbose cache add [ '@angular/platform-browser-dynamic@~2.1.1', null ]
56 verbose cache add name=undefined spec="@angular/platform-browser-dynamic@~2.1.1" args=["@angular/platform-browser-dynamic@~2.1.1",null]
57 verbose parsed url { protocol: null,
57 verbose parsed url   slashes: null,
57 verbose parsed url   auth: null,
57 verbose parsed url   host: null,
57 verbose parsed url   port: null,
57 verbose parsed url   hostname: null,
57 verbose parsed url   hash: null,
57 verbose parsed url   search: null,
57 verbose parsed url   query: null,
57 verbose parsed url   pathname: '@angular/platform-browser-dynamic@~2.1.1',
57 verbose parsed url   path: '@angular/platform-browser-dynamic@~2.1.1',
57 verbose parsed url   href: '@angular/platform-browser-dynamic@~2.1.1' }
58 verbose cache add name="" spec="angular/platform-browser-dynamic@~2.1.1" args=["","angular/platform-browser-dynamic@~2.1.1"]
59 verbose parsed url { protocol: null,
59 verbose parsed url   slashes: null,
59 verbose parsed url   auth: null,
59 verbose parsed url   host: null,
59 verbose parsed url   port: null,
59 verbose parsed url   hostname: null,
59 verbose parsed url   hash: null,
59 verbose parsed url   search: null,
59 verbose parsed url   query: null,
59 verbose parsed url   pathname: 'angular/platform-browser-dynamic@~2.1.1',
59 verbose parsed url   path: 'angular/platform-browser-dynamic@~2.1.1',
59 verbose parsed url   href: 'angular/platform-browser-dynamic@~2.1.1' }
60 verbose cache add name="angular/platform-browser-dynamic" spec="~2.1.1" args=["angular/platform-browser-dynamic","~2.1.1"]
61 verbose parsed url { protocol: null,
61 verbose parsed url   slashes: null,
61 verbose parsed url   auth: null,
61 verbose parsed url   host: null,
61 verbose parsed url   port: null,
61 verbose parsed url   hostname: null,
61 verbose parsed url   hash: null,
61 verbose parsed url   search: null,
61 verbose parsed url   query: null,
61 verbose parsed url   pathname: '~2.1.1',
61 verbose parsed url   path: '~2.1.1',
61 verbose parsed url   href: '~2.1.1' }
62 verbose addNamed [ 'angular/platform-browser-dynamic', '~2.1.1' ]
63 verbose addNamed [ null, '>=2.1.1-0 <2.2.0-0' ]
64 silly lockFile 5d7e4499-r-platform-browser-dynamic-2-1-1 angular/platform-browser-dynamic@~2.1.1
65 verbose lock angular/platform-browser-dynamic@~2.1.1 /root/.npm/5d7e4499-r-platform-browser-dynamic-2-1-1.lock
66 verbose cache add [ '@angular/router@~3.1.1', null ]
67 verbose cache add name=undefined spec="@angular/router@~3.1.1" args=["@angular/router@~3.1.1",null]
68 verbose parsed url { protocol: null,
68 verbose parsed url   slashes: null,
68 verbose parsed url   auth: null,
68 verbose parsed url   host: null,
68 verbose parsed url   port: null,
68 verbose parsed url   hostname: null,
68 verbose parsed url   hash: null,
68 verbose parsed url   search: null,
68 verbose parsed url   query: null,
68 verbose parsed url   pathname: '@angular/router@~3.1.1',
68 verbose parsed url   path: '@angular/router@~3.1.1',
68 verbose parsed url   href: '@angular/router@~3.1.1' }
69 verbose cache add name="" spec="angular/router@~3.1.1" args=["","angular/router@~3.1.1"]
70 verbose parsed url { protocol: null,
70 verbose parsed url   slashes: null,
70 verbose parsed url   auth: null,
70 verbose parsed url   host: null,
70 verbose parsed url   port: null,
70 verbose parsed url   hostname: null,
70 verbose parsed url   hash: null,
70 verbose parsed url   search: null,
70 verbose parsed url   query: null,
70 verbose parsed url   pathname: 'angular/router@~3.1.1',
70 verbose parsed url   path: 'angular/router@~3.1.1',
70 verbose parsed url   href: 'angular/router@~3.1.1' }
71 verbose cache add name="angular/router" spec="~3.1.1" args=["angular/router","~3.1.1"]
72 verbose parsed url { protocol: null,
72 verbose parsed url   slashes: null,
72 verbose parsed url   auth: null,
72 verbose parsed url   host: null,
72 verbose parsed url   port: null,
72 verbose parsed url   hostname: null,
72 verbose parsed url   hash: null,
72 verbose parsed url   search: null,
72 verbose parsed url   query: null,
72 verbose parsed url   pathname: '~3.1.1',
72 verbose parsed url   path: '~3.1.1',
72 verbose parsed url   href: '~3.1.1' }
73 verbose addNamed [ 'angular/router', '~3.1.1' ]
74 verbose addNamed [ null, '>=3.1.1-0 <3.2.0-0' ]
75 silly lockFile 307871d9-angular-router-3-1-1 angular/router@~3.1.1
76 verbose lock angular/router@~3.1.1 /root/.npm/307871d9-angular-router-3-1-1.lock
77 verbose cache add [ '@angular/upgrade@~2.1.1', null ]
78 verbose cache add name=undefined spec="@angular/upgrade@~2.1.1" args=["@angular/upgrade@~2.1.1",null]
79 verbose parsed url { protocol: null,
79 verbose parsed url   slashes: null,
79 verbose parsed url   auth: null,
79 verbose parsed url   host: null,
79 verbose parsed url   port: null,
79 verbose parsed url   hostname: null,
79 verbose parsed url   hash: null,
79 verbose parsed url   search: null,
79 verbose parsed url   query: null,
79 verbose parsed url   pathname: '@angular/upgrade@~2.1.1',
79 verbose parsed url   path: '@angular/upgrade@~2.1.1',
79 verbose parsed url   href: '@angular/upgrade@~2.1.1' }
80 verbose cache add name="" spec="angular/upgrade@~2.1.1" args=["","angular/upgrade@~2.1.1"]
81 verbose parsed url { protocol: null,
81 verbose parsed url   slashes: null,
81 verbose parsed url   auth: null,
81 verbose parsed url   host: null,
81 verbose parsed url   port: null,
81 verbose parsed url   hostname: null,
81 verbose parsed url   hash: null,
81 verbose parsed url   search: null,
81 verbose parsed url   query: null,
81 verbose parsed url   pathname: 'angular/upgrade@~2.1.1',
81 verbose parsed url   path: 'angular/upgrade@~2.1.1',
81 verbose parsed url   href: 'angular/upgrade@~2.1.1' }
82 verbose cache add name="angular/upgrade" spec="~2.1.1" args=["angular/upgrade","~2.1.1"]
83 verbose parsed url { protocol: null,
83 verbose parsed url   slashes: null,
83 verbose parsed url   auth: null,
83 verbose parsed url   host: null,
83 verbose parsed url   port: null,
83 verbose parsed url   hostname: null,
83 verbose parsed url   hash: null,
83 verbose parsed url   search: null,
83 verbose parsed url   query: null,
83 verbose parsed url   pathname: '~2.1.1',
83 verbose parsed url   path: '~2.1.1',
83 verbose parsed url   href: '~2.1.1' }
84 verbose addNamed [ 'angular/upgrade', '~2.1.1' ]
85 verbose addNamed [ null, '>=2.1.1-0 <2.2.0-0' ]
86 silly lockFile 3912e89a-angular-upgrade-2-1-1 angular/upgrade@~2.1.1
87 verbose lock angular/upgrade@~2.1.1 /root/.npm/3912e89a-angular-upgrade-2-1-1.lock
88 verbose cache add [ 'angular-in-memory-web-api@~0.1.13', null ]
89 verbose cache add name=undefined spec="angular-in-memory-web-api@~0.1.13" args=["angular-in-memory-web-api@~0.1.13",null]
90 verbose parsed url { protocol: null,
90 verbose parsed url   slashes: null,
90 verbose parsed url   auth: null,
90 verbose parsed url   host: null,
90 verbose parsed url   port: null,
90 verbose parsed url   hostname: null,
90 verbose parsed url   hash: null,
90 verbose parsed url   search: null,
90 verbose parsed url   query: null,
90 verbose parsed url   pathname: 'angular-in-memory-web-api@~0.1.13',
90 verbose parsed url   path: 'angular-in-memory-web-api@~0.1.13',
90 verbose parsed url   href: 'angular-in-memory-web-api@~0.1.13' }
91 verbose cache add name="angular-in-memory-web-api" spec="~0.1.13" args=["angular-in-memory-web-api","~0.1.13"]
92 verbose parsed url { protocol: null,
92 verbose parsed url   slashes: null,
92 verbose parsed url   auth: null,
92 verbose parsed url   host: null,
92 verbose parsed url   port: null,
92 verbose parsed url   hostname: null,
92 verbose parsed url   hash: null,
92 verbose parsed url   search: null,
92 verbose parsed url   query: null,
92 verbose parsed url   pathname: '~0.1.13',
92 verbose parsed url   path: '~0.1.13',
92 verbose parsed url   href: '~0.1.13' }
93 verbose addNamed [ 'angular-in-memory-web-api', '~0.1.13' ]
94 verbose addNamed [ null, '>=0.1.13-0 <0.2.0-0' ]
95 silly lockFile 5485edf4-angular-in-memory-web-api-0-1-13 angular-in-memory-web-api@~0.1.13
96 verbose lock angular-in-memory-web-api@~0.1.13 /root/.npm/5485edf4-angular-in-memory-web-api-0-1-13.lock
97 verbose cache add [ 'bootstrap@^3.3.7', null ]
98 verbose cache add name=undefined spec="bootstrap@^3.3.7" args=["bootstrap@^3.3.7",null]
99 verbose parsed url { protocol: null,
99 verbose parsed url   slashes: null,
99 verbose parsed url   auth: null,
99 verbose parsed url   host: null,
99 verbose parsed url   port: null,
99 verbose parsed url   hostname: null,
99 verbose parsed url   hash: null,
99 verbose parsed url   search: null,
99 verbose parsed url   query: null,
99 verbose parsed url   pathname: 'bootstrap@^3.3.7',
99 verbose parsed url   path: 'bootstrap@^3.3.7',
99 verbose parsed url   href: 'bootstrap@^3.3.7' }
100 verbose cache add name="bootstrap" spec="^3.3.7" args=["bootstrap","^3.3.7"]
101 verbose parsed url { protocol: null,
101 verbose parsed url   slashes: null,
101 verbose parsed url   auth: null,
101 verbose parsed url   host: null,
101 verbose parsed url   port: null,
101 verbose parsed url   hostname: null,
101 verbose parsed url   hash: null,
101 verbose parsed url   search: null,
101 verbose parsed url   query: null,
101 verbose parsed url   pathname: '^3.3.7',
101 verbose parsed url   path: '^3.3.7',
101 verbose parsed url   href: '^3.3.7' }
102 verbose addNamed [ 'bootstrap', '^3.3.7' ]
103 verbose addNamed [ null, '>=3.3.7-0 <4.0.0-0' ]
104 silly lockFile 131890fc-bootstrap-3-3-7 bootstrap@^3.3.7
105 verbose lock bootstrap@^3.3.7 /root/.npm/131890fc-bootstrap-3-3-7.lock
106 verbose cache add [ 'core-js@^2.4.1', null ]
107 verbose cache add name=undefined spec="core-js@^2.4.1" args=["core-js@^2.4.1",null]
108 verbose parsed url { protocol: null,
108 verbose parsed url   slashes: null,
108 verbose parsed url   auth: null,
108 verbose parsed url   host: null,
108 verbose parsed url   port: null,
108 verbose parsed url   hostname: null,
108 verbose parsed url   hash: null,
108 verbose parsed url   search: null,
108 verbose parsed url   query: null,
108 verbose parsed url   pathname: 'core-js@^2.4.1',
108 verbose parsed url   path: 'core-js@^2.4.1',
108 verbose parsed url   href: 'core-js@^2.4.1' }
109 verbose cache add name="core-js" spec="^2.4.1" args=["core-js","^2.4.1"]
110 verbose parsed url { protocol: null,
110 verbose parsed url   slashes: null,
110 verbose parsed url   auth: null,
110 verbose parsed url   host: null,
110 verbose parsed url   port: null,
110 verbose parsed url   hostname: null,
110 verbose parsed url   hash: null,
110 verbose parsed url   search: null,
110 verbose parsed url   query: null,
110 verbose parsed url   pathname: '^2.4.1',
110 verbose parsed url   path: '^2.4.1',
110 verbose parsed url   href: '^2.4.1' }
111 verbose addNamed [ 'core-js', '^2.4.1' ]
112 verbose addNamed [ null, '>=2.4.1-0 <3.0.0-0' ]
113 silly lockFile a299e77f-core-js-2-4-1 core-js@^2.4.1
114 verbose lock core-js@^2.4.1 /root/.npm/a299e77f-core-js-2-4-1.lock
115 verbose cache add [ 'primeng@^1.0.0-beta.20', null ]
116 verbose cache add name=undefined spec="primeng@^1.0.0-beta.20" args=["primeng@^1.0.0-beta.20",null]
117 verbose parsed url { protocol: null,
117 verbose parsed url   slashes: null,
117 verbose parsed url   auth: null,
117 verbose parsed url   host: null,
117 verbose parsed url   port: null,
117 verbose parsed url   hostname: null,
117 verbose parsed url   hash: null,
117 verbose parsed url   search: null,
117 verbose parsed url   query: null,
117 verbose parsed url   pathname: 'primeng@^1.0.0-beta.20',
117 verbose parsed url   path: 'primeng@^1.0.0-beta.20',
117 verbose parsed url   href: 'primeng@^1.0.0-beta.20' }
118 verbose cache add name="primeng" spec="^1.0.0-beta.20" args=["primeng","^1.0.0-beta.20"]
119 verbose parsed url { protocol: null,
119 verbose parsed url   slashes: null,
119 verbose parsed url   auth: null,
119 verbose parsed url   host: null,
119 verbose parsed url   port: null,
119 verbose parsed url   hostname: null,
119 verbose parsed url   hash: null,
119 verbose parsed url   search: null,
119 verbose parsed url   query: null,
119 verbose parsed url   pathname: '^1.0.0-beta.20',
119 verbose parsed url   path: '^1.0.0-beta.20',
119 verbose parsed url   href: '^1.0.0-beta.20' }
120 verbose addNamed [ 'primeng', '^1.0.0-beta.20' ]
121 verbose addNamed [ null, '>=1.0.0-beta.20 <2.0.0-0' ]
122 silly lockFile 7be401d4-primeng-1-0-0-beta-20 primeng@^1.0.0-beta.20
123 verbose lock primeng@^1.0.0-beta.20 /root/.npm/7be401d4-primeng-1-0-0-beta-20.lock
124 verbose cache add [ 'primeui@^4.1.15', null ]
125 verbose cache add name=undefined spec="primeui@^4.1.15" args=["primeui@^4.1.15",null]
126 verbose parsed url { protocol: null,
126 verbose parsed url   slashes: null,
126 verbose parsed url   auth: null,
126 verbose parsed url   host: null,
126 verbose parsed url   port: null,
126 verbose parsed url   hostname: null,
126 verbose parsed url   hash: null,
126 verbose parsed url   search: null,
126 verbose parsed url   query: null,
126 verbose parsed url   pathname: 'primeui@^4.1.15',
126 verbose parsed url   path: 'primeui@^4.1.15',
126 verbose parsed url   href: 'primeui@^4.1.15' }
127 verbose cache add name="primeui" spec="^4.1.15" args=["primeui","^4.1.15"]
128 verbose parsed url { protocol: null,
128 verbose parsed url   slashes: null,
128 verbose parsed url   auth: null,
128 verbose parsed url   host: null,
128 verbose parsed url   port: null,
128 verbose parsed url   hostname: null,
128 verbose parsed url   hash: null,
128 verbose parsed url   search: null,
128 verbose parsed url   query: null,
128 verbose parsed url   pathname: '^4.1.15',
128 verbose parsed url   path: '^4.1.15',
128 verbose parsed url   href: '^4.1.15' }
129 verbose addNamed [ 'primeui', '^4.1.15' ]
130 verbose addNamed [ null, '>=4.1.15-0 <5.0.0-0' ]
131 silly lockFile 5373d77e-primeui-4-1-15 primeui@^4.1.15
132 verbose lock primeui@^4.1.15 /root/.npm/5373d77e-primeui-4-1-15.lock
133 verbose cache add [ 'reflect-metadata@^0.1.8', null ]
134 verbose cache add name=undefined spec="reflect-metadata@^0.1.8" args=["reflect-metadata@^0.1.8",null]
135 verbose parsed url { protocol: null,
135 verbose parsed url   slashes: null,
135 verbose parsed url   auth: null,
135 verbose parsed url   host: null,
135 verbose parsed url   port: null,
135 verbose parsed url   hostname: null,
135 verbose parsed url   hash: null,
135 verbose parsed url   search: null,
135 verbose parsed url   query: null,
135 verbose parsed url   pathname: 'reflect-metadata@^0.1.8',
135 verbose parsed url   path: 'reflect-metadata@^0.1.8',
135 verbose parsed url   href: 'reflect-metadata@^0.1.8' }
136 verbose cache add name="reflect-metadata" spec="^0.1.8" args=["reflect-metadata","^0.1.8"]
137 verbose parsed url { protocol: null,
137 verbose parsed url   slashes: null,
137 verbose parsed url   auth: null,
137 verbose parsed url   host: null,
137 verbose parsed url   port: null,
137 verbose parsed url   hostname: null,
137 verbose parsed url   hash: null,
137 verbose parsed url   search: null,
137 verbose parsed url   query: null,
137 verbose parsed url   pathname: '^0.1.8',
137 verbose parsed url   path: '^0.1.8',
137 verbose parsed url   href: '^0.1.8' }
138 verbose addNamed [ 'reflect-metadata', '^0.1.8' ]
139 verbose addNamed [ null, '>=0.1.8-0 <0.2.0-0' ]
140 silly lockFile 2c8d4d0d-reflect-metadata-0-1-8 reflect-metadata@^0.1.8
141 verbose lock reflect-metadata@^0.1.8 /root/.npm/2c8d4d0d-reflect-metadata-0-1-8.lock
142 verbose cache add [ 'rxjs@5.0.0-beta.12', null ]
143 verbose cache add name=undefined spec="rxjs@5.0.0-beta.12" args=["rxjs@5.0.0-beta.12",null]
144 verbose parsed url { protocol: null,
144 verbose parsed url   slashes: null,
144 verbose parsed url   auth: null,
144 verbose parsed url   host: null,
144 verbose parsed url   port: null,
144 verbose parsed url   hostname: null,
144 verbose parsed url   hash: null,
144 verbose parsed url   search: null,
144 verbose parsed url   query: null,
144 verbose parsed url   pathname: 'rxjs@5.0.0-beta.12',
144 verbose parsed url   path: 'rxjs@5.0.0-beta.12',
144 verbose parsed url   href: 'rxjs@5.0.0-beta.12' }
145 verbose cache add name="rxjs" spec="5.0.0-beta.12" args=["rxjs","5.0.0-beta.12"]
146 verbose parsed url { protocol: null,
146 verbose parsed url   slashes: null,
146 verbose parsed url   auth: null,
146 verbose parsed url   host: null,
146 verbose parsed url   port: null,
146 verbose parsed url   hostname: null,
146 verbose parsed url   hash: null,
146 verbose parsed url   search: null,
146 verbose parsed url   query: null,
146 verbose parsed url   pathname: '5.0.0-beta.12',
146 verbose parsed url   path: '5.0.0-beta.12',
146 verbose parsed url   href: '5.0.0-beta.12' }
147 verbose addNamed [ 'rxjs', '5.0.0-beta.12' ]
148 verbose addNamed [ '5.0.0-beta.12', '5.0.0-beta.12' ]
149 silly lockFile 4a2ee142-rxjs-5-0-0-beta-12 rxjs@5.0.0-beta.12
150 verbose lock rxjs@5.0.0-beta.12 /root/.npm/4a2ee142-rxjs-5-0-0-beta-12.lock
151 verbose cache add [ 'systemjs@0.19.39', null ]
152 verbose cache add name=undefined spec="systemjs@0.19.39" args=["systemjs@0.19.39",null]
153 verbose parsed url { protocol: null,
153 verbose parsed url   slashes: null,
153 verbose parsed url   auth: null,
153 verbose parsed url   host: null,
153 verbose parsed url   port: null,
153 verbose parsed url   hostname: null,
153 verbose parsed url   hash: null,
153 verbose parsed url   search: null,
153 verbose parsed url   query: null,
153 verbose parsed url   pathname: 'systemjs@0.19.39',
153 verbose parsed url   path: 'systemjs@0.19.39',
153 verbose parsed url   href: 'systemjs@0.19.39' }
154 verbose cache add name="systemjs" spec="0.19.39" args=["systemjs","0.19.39"]
155 verbose parsed url { protocol: null,
155 verbose parsed url   slashes: null,
155 verbose parsed url   auth: null,
155 verbose parsed url   host: null,
155 verbose parsed url   port: null,
155 verbose parsed url   hostname: null,
155 verbose parsed url   hash: null,
155 verbose parsed url   search: null,
155 verbose parsed url   query: null,
155 verbose parsed url   pathname: '0.19.39',
155 verbose parsed url   path: '0.19.39',
155 verbose parsed url   href: '0.19.39' }
156 verbose addNamed [ 'systemjs', '0.19.39' ]
157 verbose addNamed [ '0.19.39', '0.19.39' ]
158 silly lockFile b548a997-systemjs-0-19-39 systemjs@0.19.39
159 verbose lock systemjs@0.19.39 /root/.npm/b548a997-systemjs-0-19-39.lock
160 verbose cache add [ 'zone.js@^0.6.25', null ]
161 verbose cache add name=undefined spec="zone.js@^0.6.25" args=["zone.js@^0.6.25",null]
162 verbose parsed url { protocol: null,
162 verbose parsed url   slashes: null,
162 verbose parsed url   auth: null,
162 verbose parsed url   host: null,
162 verbose parsed url   port: null,
162 verbose parsed url   hostname: null,
162 verbose parsed url   hash: null,
162 verbose parsed url   search: null,
162 verbose parsed url   query: null,
162 verbose parsed url   pathname: 'zone.js@^0.6.25',
162 verbose parsed url   path: 'zone.js@^0.6.25',
162 verbose parsed url   href: 'zone.js@^0.6.25' }
163 verbose cache add name="zone.js" spec="^0.6.25" args=["zone.js","^0.6.25"]
164 verbose parsed url { protocol: null,
164 verbose parsed url   slashes: null,
164 verbose parsed url   auth: null,
164 verbose parsed url   host: null,
164 verbose parsed url   port: null,
164 verbose parsed url   hostname: null,
164 verbose parsed url   hash: null,
164 verbose parsed url   search: null,
164 verbose parsed url   query: null,
164 verbose parsed url   pathname: '^0.6.25',
164 verbose parsed url   path: '^0.6.25',
164 verbose parsed url   href: '^0.6.25' }
165 verbose addNamed [ 'zone.js', '^0.6.25' ]
166 verbose addNamed [ null, '>=0.6.25-0 <0.7.0-0' ]
167 silly lockFile 0b7719a1-zone-js-0-6-25 zone.js@^0.6.25
168 verbose lock zone.js@^0.6.25 /root/.npm/0b7719a1-zone-js-0-6-25.lock
169 verbose cache add [ '@types/core-js@^0.9.34', null ]
170 verbose cache add name=undefined spec="@types/core-js@^0.9.34" args=["@types/core-js@^0.9.34",null]
171 verbose parsed url { protocol: null,
171 verbose parsed url   slashes: null,
171 verbose parsed url   auth: null,
171 verbose parsed url   host: null,
171 verbose parsed url   port: null,
171 verbose parsed url   hostname: null,
171 verbose parsed url   hash: null,
171 verbose parsed url   search: null,
171 verbose parsed url   query: null,
171 verbose parsed url   pathname: '@types/core-js@^0.9.34',
171 verbose parsed url   path: '@types/core-js@^0.9.34',
171 verbose parsed url   href: '@types/core-js@^0.9.34' }
172 verbose cache add name="" spec="types/core-js@^0.9.34" args=["","types/core-js@^0.9.34"]
173 verbose parsed url { protocol: null,
173 verbose parsed url   slashes: null,
173 verbose parsed url   auth: null,
173 verbose parsed url   host: null,
173 verbose parsed url   port: null,
173 verbose parsed url   hostname: null,
173 verbose parsed url   hash: null,
173 verbose parsed url   search: null,
173 verbose parsed url   query: null,
173 verbose parsed url   pathname: 'types/core-js@^0.9.34',
173 verbose parsed url   path: 'types/core-js@^0.9.34',
173 verbose parsed url   href: 'types/core-js@^0.9.34' }
174 verbose cache add name="types/core-js" spec="^0.9.34" args=["types/core-js","^0.9.34"]
175 verbose parsed url { protocol: null,
175 verbose parsed url   slashes: null,
175 verbose parsed url   auth: null,
175 verbose parsed url   host: null,
175 verbose parsed url   port: null,
175 verbose parsed url   hostname: null,
175 verbose parsed url   hash: null,
175 verbose parsed url   search: null,
175 verbose parsed url   query: null,
175 verbose parsed url   pathname: '^0.9.34',
175 verbose parsed url   path: '^0.9.34',
175 verbose parsed url   href: '^0.9.34' }
176 verbose addNamed [ 'types/core-js', '^0.9.34' ]
177 verbose addNamed [ null, '>=0.9.34-0 <0.10.0-0' ]
178 silly lockFile 6e3d7af5-types-core-js-0-9-34 types/core-js@^0.9.34
179 verbose lock types/core-js@^0.9.34 /root/.npm/6e3d7af5-types-core-js-0-9-34.lock
180 verbose cache add [ '@types/node@^6.0.45', null ]
181 verbose cache add name=undefined spec="@types/node@^6.0.45" args=["@types/node@^6.0.45",null]
182 verbose parsed url { protocol: null,
182 verbose parsed url   slashes: null,
182 verbose parsed url   auth: null,
182 verbose parsed url   host: null,
182 verbose parsed url   port: null,
182 verbose parsed url   hostname: null,
182 verbose parsed url   hash: null,
182 verbose parsed url   search: null,
182 verbose parsed url   query: null,
182 verbose parsed url   pathname: '@types/node@^6.0.45',
182 verbose parsed url   path: '@types/node@^6.0.45',
182 verbose parsed url   href: '@types/node@^6.0.45' }
183 verbose cache add name="" spec="types/node@^6.0.45" args=["","types/node@^6.0.45"]
184 verbose parsed url { protocol: null,
184 verbose parsed url   slashes: null,
184 verbose parsed url   auth: null,
184 verbose parsed url   host: null,
184 verbose parsed url   port: null,
184 verbose parsed url   hostname: null,
184 verbose parsed url   hash: null,
184 verbose parsed url   search: null,
184 verbose parsed url   query: null,
184 verbose parsed url   pathname: 'types/node@^6.0.45',
184 verbose parsed url   path: 'types/node@^6.0.45',
184 verbose parsed url   href: 'types/node@^6.0.45' }
185 verbose cache add name="types/node" spec="^6.0.45" args=["types/node","^6.0.45"]
186 verbose parsed url { protocol: null,
186 verbose parsed url   slashes: null,
186 verbose parsed url   auth: null,
186 verbose parsed url   host: null,
186 verbose parsed url   port: null,
186 verbose parsed url   hostname: null,
186 verbose parsed url   hash: null,
186 verbose parsed url   search: null,
186 verbose parsed url   query: null,
186 verbose parsed url   pathname: '^6.0.45',
186 verbose parsed url   path: '^6.0.45',
186 verbose parsed url   href: '^6.0.45' }
187 verbose addNamed [ 'types/node', '^6.0.45' ]
188 verbose addNamed [ null, '>=6.0.45-0 <7.0.0-0' ]
189 silly lockFile df82b321-types-node-6-0-45 types/node@^6.0.45
190 verbose lock types/node@^6.0.45 /root/.npm/df82b321-types-node-6-0-45.lock
191 verbose cache add [ 'concurrently@^3.0.0', null ]
192 verbose cache add name=undefined spec="concurrently@^3.0.0" args=["concurrently@^3.0.0",null]
193 verbose parsed url { protocol: null,
193 verbose parsed url   slashes: null,
193 verbose parsed url   auth: null,
193 verbose parsed url   host: null,
193 verbose parsed url   port: null,
193 verbose parsed url   hostname: null,
193 verbose parsed url   hash: null,
193 verbose parsed url   search: null,
193 verbose parsed url   query: null,
193 verbose parsed url   pathname: 'concurrently@^3.0.0',
193 verbose parsed url   path: 'concurrently@^3.0.0',
193 verbose parsed url   href: 'concurrently@^3.0.0' }
194 verbose cache add name="concurrently" spec="^3.0.0" args=["concurrently","^3.0.0"]
195 verbose parsed url { protocol: null,
195 verbose parsed url   slashes: null,
195 verbose parsed url   auth: null,
195 verbose parsed url   host: null,
195 verbose parsed url   port: null,
195 verbose parsed url   hostname: null,
195 verbose parsed url   hash: null,
195 verbose parsed url   search: null,
195 verbose parsed url   query: null,
195 verbose parsed url   pathname: '^3.0.0',
195 verbose parsed url   path: '^3.0.0',
195 verbose parsed url   href: '^3.0.0' }
196 verbose addNamed [ 'concurrently', '^3.0.0' ]
197 verbose addNamed [ null, '>=3.0.0-0 <4.0.0-0' ]
198 silly lockFile a3202b77-concurrently-3-0-0 concurrently@^3.0.0
199 verbose lock concurrently@^3.0.0 /root/.npm/a3202b77-concurrently-3-0-0.lock
200 verbose cache add [ 'lite-server@^2.2.2', null ]
201 verbose cache add name=undefined spec="lite-server@^2.2.2" args=["lite-server@^2.2.2",null]
202 verbose parsed url { protocol: null,
202 verbose parsed url   slashes: null,
202 verbose parsed url   auth: null,
202 verbose parsed url   host: null,
202 verbose parsed url   port: null,
202 verbose parsed url   hostname: null,
202 verbose parsed url   hash: null,
202 verbose parsed url   search: null,
202 verbose parsed url   query: null,
202 verbose parsed url   pathname: 'lite-server@^2.2.2',
202 verbose parsed url   path: 'lite-server@^2.2.2',
202 verbose parsed url   href: 'lite-server@^2.2.2' }
203 verbose cache add name="lite-server" spec="^2.2.2" args=["lite-server","^2.2.2"]
204 verbose parsed url { protocol: null,
204 verbose parsed url   slashes: null,
204 verbose parsed url   auth: null,
204 verbose parsed url   host: null,
204 verbose parsed url   port: null,
204 verbose parsed url   hostname: null,
204 verbose parsed url   hash: null,
204 verbose parsed url   search: null,
204 verbose parsed url   query: null,
204 verbose parsed url   pathname: '^2.2.2',
204 verbose parsed url   path: '^2.2.2',
204 verbose parsed url   href: '^2.2.2' }
205 verbose addNamed [ 'lite-server', '^2.2.2' ]
206 verbose addNamed [ null, '>=2.2.2-0 <3.0.0-0' ]
207 silly lockFile d52e2048-lite-server-2-2-2 lite-server@^2.2.2
208 verbose lock lite-server@^2.2.2 /root/.npm/d52e2048-lite-server-2-2-2.lock
209 silly addNameRange { name: 'angular-in-memory-web-api',
209 silly addNameRange   range: '>=0.1.13-0 <0.2.0-0',
209 silly addNameRange   hasData: false }
210 silly addNameRange { name: 'bootstrap',
210 silly addNameRange   range: '>=3.3.7-0 <4.0.0-0',
210 silly addNameRange   hasData: false }
211 silly addNameRange { name: 'core-js', range: '>=2.4.1-0 <3.0.0-0', hasData: false }
212 verbose cache add [ 'style-loader@^0.13.1', null ]
213 verbose cache add name=undefined spec="style-loader@^0.13.1" args=["style-loader@^0.13.1",null]
214 verbose parsed url { protocol: null,
214 verbose parsed url   slashes: null,
214 verbose parsed url   auth: null,
214 verbose parsed url   host: null,
214 verbose parsed url   port: null,
214 verbose parsed url   hostname: null,
214 verbose parsed url   hash: null,
214 verbose parsed url   search: null,
214 verbose parsed url   query: null,
214 verbose parsed url   pathname: 'style-loader@^0.13.1',
214 verbose parsed url   path: 'style-loader@^0.13.1',
214 verbose parsed url   href: 'style-loader@^0.13.1' }
215 verbose cache add name="style-loader" spec="^0.13.1" args=["style-loader","^0.13.1"]
216 verbose parsed url { protocol: null,
216 verbose parsed url   slashes: null,
216 verbose parsed url   auth: null,
216 verbose parsed url   host: null,
216 verbose parsed url   port: null,
216 verbose parsed url   hostname: null,
216 verbose parsed url   hash: null,
216 verbose parsed url   search: null,
216 verbose parsed url   query: null,
216 verbose parsed url   pathname: '^0.13.1',
216 verbose parsed url   path: '^0.13.1',
216 verbose parsed url   href: '^0.13.1' }
217 verbose addNamed [ 'style-loader', '^0.13.1' ]
218 verbose addNamed [ null, '>=0.13.1-0 <0.14.0-0' ]
219 silly lockFile e903989c-style-loader-0-13-1 style-loader@^0.13.1
220 verbose lock style-loader@^0.13.1 /root/.npm/e903989c-style-loader-0-13-1.lock
221 verbose cache add [ 'html-loader@^0.4.3', null ]
222 verbose cache add name=undefined spec="html-loader@^0.4.3" args=["html-loader@^0.4.3",null]
223 verbose parsed url { protocol: null,
223 verbose parsed url   slashes: null,
223 verbose parsed url   auth: null,
223 verbose parsed url   host: null,
223 verbose parsed url   port: null,
223 verbose parsed url   hostname: null,
223 verbose parsed url   hash: null,
223 verbose parsed url   search: null,
223 verbose parsed url   query: null,
223 verbose parsed url   pathname: 'html-loader@^0.4.3',
223 verbose parsed url   path: 'html-loader@^0.4.3',
223 verbose parsed url   href: 'html-loader@^0.4.3' }
224 verbose cache add name="html-loader" spec="^0.4.3" args=["html-loader","^0.4.3"]
225 verbose parsed url { protocol: null,
225 verbose parsed url   slashes: null,
225 verbose parsed url   auth: null,
225 verbose parsed url   host: null,
225 verbose parsed url   port: null,
225 verbose parsed url   hostname: null,
225 verbose parsed url   hash: null,
225 verbose parsed url   search: null,
225 verbose parsed url   query: null,
225 verbose parsed url   pathname: '^0.4.3',
225 verbose parsed url   path: '^0.4.3',
225 verbose parsed url   href: '^0.4.3' }
226 verbose addNamed [ 'html-loader', '^0.4.3' ]
227 verbose addNamed [ null, '>=0.4.3-0 <0.5.0-0' ]
228 silly lockFile 465e8227-html-loader-0-4-3 html-loader@^0.4.3
229 verbose lock html-loader@^0.4.3 /root/.npm/465e8227-html-loader-0-4-3.lock
230 verbose cache add [ 'css-loader@^0.26.1', null ]
231 verbose cache add name=undefined spec="css-loader@^0.26.1" args=["css-loader@^0.26.1",null]
232 verbose parsed url { protocol: null,
232 verbose parsed url   slashes: null,
232 verbose parsed url   auth: null,
232 verbose parsed url   host: null,
232 verbose parsed url   port: null,
232 verbose parsed url   hostname: null,
232 verbose parsed url   hash: null,
232 verbose parsed url   search: null,
232 verbose parsed url   query: null,
232 verbose parsed url   pathname: 'css-loader@^0.26.1',
232 verbose parsed url   path: 'css-loader@^0.26.1',
232 verbose parsed url   href: 'css-loader@^0.26.1' }
233 verbose cache add name="css-loader" spec="^0.26.1" args=["css-loader","^0.26.1"]
234 verbose parsed url { protocol: null,
234 verbose parsed url   slashes: null,
234 verbose parsed url   auth: null,
234 verbose parsed url   host: null,
234 verbose parsed url   port: null,
234 verbose parsed url   hostname: null,
234 verbose parsed url   hash: null,
234 verbose parsed url   search: null,
234 verbose parsed url   query: null,
234 verbose parsed url   pathname: '^0.26.1',
234 verbose parsed url   path: '^0.26.1',
234 verbose parsed url   href: '^0.26.1' }
235 verbose addNamed [ 'css-loader', '^0.26.1' ]
236 verbose addNamed [ null, '>=0.26.1-0 <0.27.0-0' ]
237 silly lockFile f79677e8-css-loader-0-26-1 css-loader@^0.26.1
238 verbose lock css-loader@^0.26.1 /root/.npm/f79677e8-css-loader-0-26-1.lock
239 verbose cache add [ 'awesome-typescript-loader@^3.0.4', null ]
240 verbose cache add name=undefined spec="awesome-typescript-loader@^3.0.4" args=["awesome-typescript-loader@^3.0.4",null]
241 verbose parsed url { protocol: null,
241 verbose parsed url   slashes: null,
241 verbose parsed url   auth: null,
241 verbose parsed url   host: null,
241 verbose parsed url   port: null,
241 verbose parsed url   hostname: null,
241 verbose parsed url   hash: null,
241 verbose parsed url   search: null,
241 verbose parsed url   query: null,
241 verbose parsed url   pathname: 'awesome-typescript-loader@^3.0.4',
241 verbose parsed url   path: 'awesome-typescript-loader@^3.0.4',
241 verbose parsed url   href: 'awesome-typescript-loader@^3.0.4' }
242 verbose cache add name="awesome-typescript-loader" spec="^3.0.4" args=["awesome-typescript-loader","^3.0.4"]
243 verbose parsed url { protocol: null,
243 verbose parsed url   slashes: null,
243 verbose parsed url   auth: null,
243 verbose parsed url   host: null,
243 verbose parsed url   port: null,
243 verbose parsed url   hostname: null,
243 verbose parsed url   hash: null,
243 verbose parsed url   search: null,
243 verbose parsed url   query: null,
243 verbose parsed url   pathname: '^3.0.4',
243 verbose parsed url   path: '^3.0.4',
243 verbose parsed url   href: '^3.0.4' }
244 verbose addNamed [ 'awesome-typescript-loader', '^3.0.4' ]
245 verbose addNamed [ null, '>=3.0.4-0 <4.0.0-0' ]
246 silly lockFile 8bef6239-awesome-typescript-loader-3-0-4 awesome-typescript-loader@^3.0.4
247 verbose lock awesome-typescript-loader@^3.0.4 /root/.npm/8bef6239-awesome-typescript-loader-3-0-4.lock
248 verbose cache add [ 'babel@^6.23.0', null ]
249 verbose cache add name=undefined spec="babel@^6.23.0" args=["babel@^6.23.0",null]
250 verbose parsed url { protocol: null,
250 verbose parsed url   slashes: null,
250 verbose parsed url   auth: null,
250 verbose parsed url   host: null,
250 verbose parsed url   port: null,
250 verbose parsed url   hostname: null,
250 verbose parsed url   hash: null,
250 verbose parsed url   search: null,
250 verbose parsed url   query: null,
250 verbose parsed url   pathname: 'babel@^6.23.0',
250 verbose parsed url   path: 'babel@^6.23.0',
250 verbose parsed url   href: 'babel@^6.23.0' }
251 verbose cache add name="babel" spec="^6.23.0" args=["babel","^6.23.0"]
252 verbose parsed url { protocol: null,
252 verbose parsed url   slashes: null,
252 verbose parsed url   auth: null,
252 verbose parsed url   host: null,
252 verbose parsed url   port: null,
252 verbose parsed url   hostname: null,
252 verbose parsed url   hash: null,
252 verbose parsed url   search: null,
252 verbose parsed url   query: null,
252 verbose parsed url   pathname: '^6.23.0',
252 verbose parsed url   path: '^6.23.0',
252 verbose parsed url   href: '^6.23.0' }
253 verbose addNamed [ 'babel', '^6.23.0' ]
254 verbose addNamed [ null, '>=6.23.0-0 <7.0.0-0' ]
255 silly lockFile 416ec9b5-babel-6-23-0 babel@^6.23.0
256 verbose lock babel@^6.23.0 /root/.npm/416ec9b5-babel-6-23-0.lock
257 verbose cache add [ 'webpack@2.2.1', null ]
258 verbose cache add name=undefined spec="webpack@2.2.1" args=["webpack@2.2.1",null]
259 verbose parsed url { protocol: null,
259 verbose parsed url   slashes: null,
259 verbose parsed url   auth: null,
259 verbose parsed url   host: null,
259 verbose parsed url   port: null,
259 verbose parsed url   hostname: null,
259 verbose parsed url   hash: null,
259 verbose parsed url   search: null,
259 verbose parsed url   query: null,
259 verbose parsed url   pathname: 'webpack@2.2.1',
259 verbose parsed url   path: 'webpack@2.2.1',
259 verbose parsed url   href: 'webpack@2.2.1' }
260 verbose cache add name="webpack" spec="2.2.1" args=["webpack","2.2.1"]
261 verbose parsed url { protocol: null,
261 verbose parsed url   slashes: null,
261 verbose parsed url   auth: null,
261 verbose parsed url   host: null,
261 verbose parsed url   port: null,
261 verbose parsed url   hostname: null,
261 verbose parsed url   hash: null,
261 verbose parsed url   search: null,
261 verbose parsed url   query: null,
261 verbose parsed url   pathname: '2.2.1',
261 verbose parsed url   path: '2.2.1',
261 verbose parsed url   href: '2.2.1' }
262 verbose addNamed [ 'webpack', '2.2.1' ]
263 verbose addNamed [ '2.2.1', '2.2.1' ]
264 silly lockFile 176249d5-webpack-2-2-1 webpack@2.2.1
265 verbose lock webpack@2.2.1 /root/.npm/176249d5-webpack-2-2-1.lock
266 verbose cache add [ 'typescript@^2.0.3', null ]
267 verbose cache add name=undefined spec="typescript@^2.0.3" args=["typescript@^2.0.3",null]
268 verbose parsed url { protocol: null,
268 verbose parsed url   slashes: null,
268 verbose parsed url   auth: null,
268 verbose parsed url   host: null,
268 verbose parsed url   port: null,
268 verbose parsed url   hostname: null,
268 verbose parsed url   hash: null,
268 verbose parsed url   search: null,
268 verbose parsed url   query: null,
268 verbose parsed url   pathname: 'typescript@^2.0.3',
268 verbose parsed url   path: 'typescript@^2.0.3',
268 verbose parsed url   href: 'typescript@^2.0.3' }
269 verbose cache add name="typescript" spec="^2.0.3" args=["typescript","^2.0.3"]
270 verbose parsed url { protocol: null,
270 verbose parsed url   slashes: null,
270 verbose parsed url   auth: null,
270 verbose parsed url   host: null,
270 verbose parsed url   port: null,
270 verbose parsed url   hostname: null,
270 verbose parsed url   hash: null,
270 verbose parsed url   search: null,
270 verbose parsed url   query: null,
270 verbose parsed url   pathname: '^2.0.3',
270 verbose parsed url   path: '^2.0.3',
270 verbose parsed url   href: '^2.0.3' }
271 verbose addNamed [ 'typescript', '^2.0.3' ]
272 verbose addNamed [ null, '>=2.0.3-0 <3.0.0-0' ]
273 silly lockFile fcf6d2df-typescript-2-0-3 typescript@^2.0.3
274 verbose lock typescript@^2.0.3 /root/.npm/fcf6d2df-typescript-2-0-3.lock
275 verbose cache add [ '@angular/common@~2.1.1', null ]
276 verbose cache add name=undefined spec="@angular/common@~2.1.1" args=["@angular/common@~2.1.1",null]
277 verbose parsed url { protocol: null,
277 verbose parsed url   slashes: null,
277 verbose parsed url   auth: null,
277 verbose parsed url   host: null,
277 verbose parsed url   port: null,
277 verbose parsed url   hostname: null,
277 verbose parsed url   hash: null,
277 verbose parsed url   search: null,
277 verbose parsed url   query: null,
277 verbose parsed url   pathname: '@angular/common@~2.1.1',
277 verbose parsed url   path: '@angular/common@~2.1.1',
277 verbose parsed url   href: '@angular/common@~2.1.1' }
278 verbose cache add name="" spec="angular/common@~2.1.1" args=["","angular/common@~2.1.1"]
279 verbose parsed url { protocol: null,
279 verbose parsed url   slashes: null,
279 verbose parsed url   auth: null,
279 verbose parsed url   host: null,
279 verbose parsed url   port: null,
279 verbose parsed url   hostname: null,
279 verbose parsed url   hash: null,
279 verbose parsed url   search: null,
279 verbose parsed url   query: null,
279 verbose parsed url   pathname: 'angular/common@~2.1.1',
279 verbose parsed url   path: 'angular/common@~2.1.1',
279 verbose parsed url   href: 'angular/common@~2.1.1' }
280 verbose cache add name="angular/common" spec="~2.1.1" args=["angular/common","~2.1.1"]
281 verbose parsed url { protocol: null,
281 verbose parsed url   slashes: null,
281 verbose parsed url   auth: null,
281 verbose parsed url   host: null,
281 verbose parsed url   port: null,
281 verbose parsed url   hostname: null,
281 verbose parsed url   hash: null,
281 verbose parsed url   search: null,
281 verbose parsed url   query: null,
281 verbose parsed url   pathname: '~2.1.1',
281 verbose parsed url   path: '~2.1.1',
281 verbose parsed url   href: '~2.1.1' }
282 verbose addNamed [ 'angular/common', '~2.1.1' ]
283 verbose addNamed [ null, '>=2.1.1-0 <2.2.0-0' ]
284 silly lockFile 4bd3d53a-angular-common-2-1-1 angular/common@~2.1.1
285 verbose lock angular/common@~2.1.1 /root/.npm/4bd3d53a-angular-common-2-1-1.lock
286 verbose cache add [ '@angular/compiler@~2.1.1', null ]
287 verbose cache add name=undefined spec="@angular/compiler@~2.1.1" args=["@angular/compiler@~2.1.1",null]
288 verbose parsed url { protocol: null,
288 verbose parsed url   slashes: null,
288 verbose parsed url   auth: null,
288 verbose parsed url   host: null,
288 verbose parsed url   port: null,
288 verbose parsed url   hostname: null,
288 verbose parsed url   hash: null,
288 verbose parsed url   search: null,
288 verbose parsed url   query: null,
288 verbose parsed url   pathname: '@angular/compiler@~2.1.1',
288 verbose parsed url   path: '@angular/compiler@~2.1.1',
288 verbose parsed url   href: '@angular/compiler@~2.1.1' }
289 verbose cache add name="" spec="angular/compiler@~2.1.1" args=["","angular/compiler@~2.1.1"]
290 verbose parsed url { protocol: null,
290 verbose parsed url   slashes: null,
290 verbose parsed url   auth: null,
290 verbose parsed url   host: null,
290 verbose parsed url   port: null,
290 verbose parsed url   hostname: null,
290 verbose parsed url   hash: null,
290 verbose parsed url   search: null,
290 verbose parsed url   query: null,
290 verbose parsed url   pathname: 'angular/compiler@~2.1.1',
290 verbose parsed url   path: 'angular/compiler@~2.1.1',
290 verbose parsed url   href: 'angular/compiler@~2.1.1' }
291 verbose cache add name="angular/compiler" spec="~2.1.1" args=["angular/compiler","~2.1.1"]
292 verbose parsed url { protocol: null,
292 verbose parsed url   slashes: null,
292 verbose parsed url   auth: null,
292 verbose parsed url   host: null,
292 verbose parsed url   port: null,
292 verbose parsed url   hostname: null,
292 verbose parsed url   hash: null,
292 verbose parsed url   search: null,
292 verbose parsed url   query: null,
292 verbose parsed url   pathname: '~2.1.1',
292 verbose parsed url   path: '~2.1.1',
292 verbose parsed url   href: '~2.1.1' }
293 verbose addNamed [ 'angular/compiler', '~2.1.1' ]
294 verbose addNamed [ null, '>=2.1.1-0 <2.2.0-0' ]
295 silly lockFile 818f828c-angular-compiler-2-1-1 angular/compiler@~2.1.1
296 verbose lock angular/compiler@~2.1.1 /root/.npm/818f828c-angular-compiler-2-1-1.lock
297 silly addNameRange { name: 'primeng',
297 silly addNameRange   range: '>=1.0.0-beta.20 <2.0.0-0',
297 silly addNameRange   hasData: false }
298 silly addNameRange { name: 'primeui', range: '>=4.1.15-0 <5.0.0-0', hasData: false }
299 silly addNameRange { name: 'reflect-metadata',
299 silly addNameRange   range: '>=0.1.8-0 <0.2.0-0',
299 silly addNameRange   hasData: false }
300 silly addNameRange { name: 'zone.js', range: '>=0.6.25-0 <0.7.0-0', hasData: false }
301 silly addNameRange { name: 'concurrently',
301 silly addNameRange   range: '>=3.0.0-0 <4.0.0-0',
301 silly addNameRange   hasData: false }
302 silly addNameRange { name: 'lite-server',
302 silly addNameRange   range: '>=2.2.2-0 <3.0.0-0',
302 silly addNameRange   hasData: false }
303 silly addNameRange { name: 'angular/core',
303 silly addNameRange   range: '>=2.1.1-0 <2.2.0-0',
303 silly addNameRange   hasData: false }
304 silly addNameRange { name: 'angular/http',
304 silly addNameRange   range: '>=2.1.1-0 <2.2.0-0',
304 silly addNameRange   hasData: false }
305 silly addNameRange { name: 'angular/forms',
305 silly addNameRange   range: '>=2.1.1-0 <2.2.0-0',
305 silly addNameRange   hasData: false }
306 silly addNameRange { name: 'angular/platform-browser',
306 silly addNameRange   range: '>=2.1.1-0 <2.2.0-0',
306 silly addNameRange   hasData: false }
307 silly addNameRange { name: 'style-loader',
307 silly addNameRange   range: '>=0.13.1-0 <0.14.0-0',
307 silly addNameRange   hasData: false }
308 silly addNameRange { name: 'html-loader',
308 silly addNameRange   range: '>=0.4.3-0 <0.5.0-0',
308 silly addNameRange   hasData: false }
309 silly addNameRange { name: 'css-loader',
309 silly addNameRange   range: '>=0.26.1-0 <0.27.0-0',
309 silly addNameRange   hasData: false }
310 silly addNameRange { name: 'awesome-typescript-loader',
310 silly addNameRange   range: '>=3.0.4-0 <4.0.0-0',
310 silly addNameRange   hasData: false }
311 silly addNameRange { name: 'babel', range: '>=6.23.0-0 <7.0.0-0', hasData: false }
312 silly addNameRange { name: 'typescript',
312 silly addNameRange   range: '>=2.0.3-0 <3.0.0-0',
312 silly addNameRange   hasData: false }
313 silly addNameRange { name: 'angular/platform-browser-dynamic',
313 silly addNameRange   range: '>=2.1.1-0 <2.2.0-0',
313 silly addNameRange   hasData: false }
314 silly addNameRange { name: 'angular/router',
314 silly addNameRange   range: '>=3.1.1-0 <3.2.0-0',
314 silly addNameRange   hasData: false }
315 silly addNameRange { name: 'angular/upgrade',
315 silly addNameRange   range: '>=2.1.1-0 <2.2.0-0',
315 silly addNameRange   hasData: false }
316 silly addNameRange { name: 'types/core-js',
316 silly addNameRange   range: '>=0.9.34-0 <0.10.0-0',
316 silly addNameRange   hasData: false }
317 silly addNameRange { name: 'types/node',
317 silly addNameRange   range: '>=6.0.45-0 <7.0.0-0',
317 silly addNameRange   hasData: false }
318 verbose url raw angular-in-memory-web-api
319 verbose url resolving [ 'https://registry.npmjs.org/', './angular-in-memory-web-api' ]
320 verbose url resolved https://registry.npmjs.org/angular-in-memory-web-api
321 info trying registry request attempt 1 at 00:27:54
322 verbose etag "5908d843-1477b"
323 http GET https://registry.npmjs.org/angular-in-memory-web-api
324 verbose url raw bootstrap
325 verbose url resolving [ 'https://registry.npmjs.org/', './bootstrap' ]
326 verbose url resolved https://registry.npmjs.org/bootstrap
327 info trying registry request attempt 1 at 00:27:54
328 verbose etag "5945930c-c76e"
329 http GET https://registry.npmjs.org/bootstrap
330 verbose url raw core-js
331 verbose url resolving [ 'https://registry.npmjs.org/', './core-js' ]
332 verbose url resolved https://registry.npmjs.org/core-js
333 info trying registry request attempt 1 at 00:27:54
334 verbose etag "5924427b-3892a"
335 http GET https://registry.npmjs.org/core-js
336 silly addNameRange { name: 'angular/common',
336 silly addNameRange   range: '>=2.1.1-0 <2.2.0-0',
336 silly addNameRange   hasData: false }
337 silly addNameRange { name: 'angular/compiler',
337 silly addNameRange   range: '>=2.1.1-0 <2.2.0-0',
337 silly addNameRange   hasData: false }
338 verbose url raw primeng
339 verbose url resolving [ 'https://registry.npmjs.org/', './primeng' ]
340 verbose url resolved https://registry.npmjs.org/primeng
341 info trying registry request attempt 1 at 00:27:54
342 verbose etag "59443994-17b6c"
343 http GET https://registry.npmjs.org/primeng
344 verbose url raw primeui
345 verbose url resolving [ 'https://registry.npmjs.org/', './primeui' ]
346 verbose url resolved https://registry.npmjs.org/primeui
347 info trying registry request attempt 1 at 00:27:54
348 verbose etag "57ba1fc0-69a8"
349 http GET https://registry.npmjs.org/primeui
350 verbose url raw reflect-metadata
351 verbose url resolving [ 'https://registry.npmjs.org/', './reflect-metadata' ]
352 verbose url resolved https://registry.npmjs.org/reflect-metadata
353 info trying registry request attempt 1 at 00:27:54
354 verbose etag "58bdf32e-7088"
355 http GET https://registry.npmjs.org/reflect-metadata
356 verbose url raw rxjs/5.0.0-beta.12
357 verbose url resolving [ 'https://registry.npmjs.org/', './rxjs/5.0.0-beta.12' ]
358 verbose url resolved https://registry.npmjs.org/rxjs/5.0.0-beta.12
359 info trying registry request attempt 1 at 00:27:54
360 verbose etag "8E6V2Q3GDZ289MC9I1GD1785Z"
361 http GET https://registry.npmjs.org/rxjs/5.0.0-beta.12
362 verbose url raw systemjs/0.19.39
363 verbose url resolving [ 'https://registry.npmjs.org/', './systemjs/0.19.39' ]
364 verbose url resolved https://registry.npmjs.org/systemjs/0.19.39
365 info trying registry request attempt 1 at 00:27:54
366 verbose etag "79LV3KOP346LQSE2GF2PMGO21"
367 http GET https://registry.npmjs.org/systemjs/0.19.39
368 verbose url raw zone.js
369 verbose url resolving [ 'https://registry.npmjs.org/', './zone.js' ]
370 verbose url resolved https://registry.npmjs.org/zone.js
371 info trying registry request attempt 1 at 00:27:54
372 verbose etag "5946432e-27920"
373 http GET https://registry.npmjs.org/zone.js
374 verbose url raw concurrently
375 verbose url resolving [ 'https://registry.npmjs.org/', './concurrently' ]
376 verbose url resolved https://registry.npmjs.org/concurrently
377 info trying registry request attempt 1 at 00:27:54
378 verbose etag "5940ea15-8120"
379 http GET https://registry.npmjs.org/concurrently
380 verbose url raw lite-server
381 verbose url resolving [ 'https://registry.npmjs.org/', './lite-server' ]
382 verbose url resolved https://registry.npmjs.org/lite-server
383 info trying registry request attempt 1 at 00:27:55
384 verbose etag "593dc8a1-74ee"
385 http GET https://registry.npmjs.org/lite-server
386 verbose url raw angular/core
387 verbose url resolving [ 'https://registry.npmjs.org/', './angular/core' ]
388 verbose url resolved https://registry.npmjs.org/angular/core
389 info trying registry request attempt 1 at 00:27:55
390 http GET https://registry.npmjs.org/angular/core
391 verbose url raw angular/http
392 verbose url resolving [ 'https://registry.npmjs.org/', './angular/http' ]
393 verbose url resolved https://registry.npmjs.org/angular/http
394 info trying registry request attempt 1 at 00:27:55
395 http GET https://registry.npmjs.org/angular/http
396 verbose url raw angular/forms
397 verbose url resolving [ 'https://registry.npmjs.org/', './angular/forms' ]
398 verbose url resolved https://registry.npmjs.org/angular/forms
399 info trying registry request attempt 1 at 00:27:55
400 http GET https://registry.npmjs.org/angular/forms
401 verbose url raw angular/platform-browser
402 verbose url resolving [ 'https://registry.npmjs.org/', './angular/platform-browser' ]
403 verbose url resolved https://registry.npmjs.org/angular/platform-browser
404 info trying registry request attempt 1 at 00:27:55
405 http GET https://registry.npmjs.org/angular/platform-browser
406 verbose url raw style-loader
407 verbose url resolving [ 'https://registry.npmjs.org/', './style-loader' ]
408 verbose url resolved https://registry.npmjs.org/style-loader
409 info trying registry request attempt 1 at 00:27:55
410 verbose etag "593fc513-e6d6"
411 http GET https://registry.npmjs.org/style-loader
412 verbose url raw html-loader
413 verbose url resolving [ 'https://registry.npmjs.org/', './html-loader' ]
414 verbose url resolved https://registry.npmjs.org/html-loader
415 info trying registry request attempt 1 at 00:27:55
416 verbose etag "593fbb9a-60e7"
417 http GET https://registry.npmjs.org/html-loader
418 verbose url raw css-loader
419 verbose url resolving [ 'https://registry.npmjs.org/', './css-loader' ]
420 verbose url resolved https://registry.npmjs.org/css-loader
421 info trying registry request attempt 1 at 00:27:55
422 verbose etag "593fc527-1e021"
423 http GET https://registry.npmjs.org/css-loader
424 verbose url raw awesome-typescript-loader
425 verbose url resolving [ 'https://registry.npmjs.org/', './awesome-typescript-loader' ]
426 verbose url resolved https://registry.npmjs.org/awesome-typescript-loader
427 info trying registry request attempt 1 at 00:27:55
428 verbose etag "59436ece-51e95"
429 http GET https://registry.npmjs.org/awesome-typescript-loader
430 verbose url raw babel
431 verbose url resolving [ 'https://registry.npmjs.org/', './babel' ]
432 verbose url resolved https://registry.npmjs.org/babel
433 info trying registry request attempt 1 at 00:27:55
434 verbose etag "5936477b-3cd9a"
435 http GET https://registry.npmjs.org/babel
436 verbose url raw webpack/2.2.1
437 verbose url resolving [ 'https://registry.npmjs.org/', './webpack/2.2.1' ]
438 verbose url resolved https://registry.npmjs.org/webpack/2.2.1
439 info trying registry request attempt 1 at 00:27:55
440 verbose etag "DABF44T2YU1HCQ03FV8ZZL9X6"
441 http GET https://registry.npmjs.org/webpack/2.2.1
442 verbose url raw typescript
443 verbose url resolving [ 'https://registry.npmjs.org/', './typescript' ]
444 verbose url resolved https://registry.npmjs.org/typescript
445 info trying registry request attempt 1 at 00:27:55
446 verbose etag "594619ea-1a5c5d"
447 http GET https://registry.npmjs.org/typescript
448 verbose url raw angular/platform-browser-dynamic
449 verbose url resolving [ 'https://registry.npmjs.org/',
449 verbose url resolving   './angular/platform-browser-dynamic' ]
450 verbose url resolved https://registry.npmjs.org/angular/platform-browser-dynamic
451 info trying registry request attempt 1 at 00:27:55
452 http GET https://registry.npmjs.org/angular/platform-browser-dynamic
453 verbose url raw angular/router
454 verbose url resolving [ 'https://registry.npmjs.org/', './angular/router' ]
455 verbose url resolved https://registry.npmjs.org/angular/router
456 info trying registry request attempt 1 at 00:27:55
457 http GET https://registry.npmjs.org/angular/router
458 verbose url raw angular/upgrade
459 verbose url resolving [ 'https://registry.npmjs.org/', './angular/upgrade' ]
460 verbose url resolved https://registry.npmjs.org/angular/upgrade
461 info trying registry request attempt 1 at 00:27:55
462 http GET https://registry.npmjs.org/angular/upgrade
463 verbose url raw types/core-js
464 verbose url resolving [ 'https://registry.npmjs.org/', './types/core-js' ]
465 verbose url resolved https://registry.npmjs.org/types/core-js
466 info trying registry request attempt 1 at 00:27:55
467 http GET https://registry.npmjs.org/types/core-js
468 verbose url raw types/node
469 verbose url resolving [ 'https://registry.npmjs.org/', './types/node' ]
470 verbose url resolved https://registry.npmjs.org/types/node
471 info trying registry request attempt 1 at 00:27:55
472 http GET https://registry.npmjs.org/types/node
473 verbose url raw angular/common
474 verbose url resolving [ 'https://registry.npmjs.org/', './angular/common' ]
475 verbose url resolved https://registry.npmjs.org/angular/common
476 info trying registry request attempt 1 at 00:27:55
477 http GET https://registry.npmjs.org/angular/common
478 verbose url raw angular/compiler
479 verbose url resolving [ 'https://registry.npmjs.org/', './angular/compiler' ]
480 verbose url resolved https://registry.npmjs.org/angular/compiler
481 info trying registry request attempt 1 at 00:27:55
482 http GET https://registry.npmjs.org/angular/compiler
483 http 304 https://registry.npmjs.org/angular-in-memory-web-api
484 silly registry.get cb [ 304,
484 silly registry.get   { date: 'Mon, 19 Jun 2017 04:27:56 GMT',
484 silly registry.get     via: '1.1 varnish',
484 silly registry.get     'cache-control': 'max-age=300',
484 silly registry.get     etag: '"5908d843-1477b"',
484 silly registry.get     age: '0',
484 silly registry.get     connection: 'keep-alive',
484 silly registry.get     'x-served-by': 'cache-jfk8142-JFK',
484 silly registry.get     'x-cache': 'HIT',
484 silly registry.get     'x-cache-hits': '1',
484 silly registry.get     'x-timer': 'S1497846476.042945,VS0,VE7',
484 silly registry.get     vary: 'Accept-Encoding' } ]
485 verbose etag angular-in-memory-web-api from cache
486 http 304 https://registry.npmjs.org/primeui
487 silly registry.get cb [ 304,
487 silly registry.get   { date: 'Mon, 19 Jun 2017 04:27:56 GMT',
487 silly registry.get     via: '1.1 varnish',
487 silly registry.get     'cache-control': 'max-age=300',
487 silly registry.get     etag: '"57ba1fc0-69a8"',
487 silly registry.get     age: '0',
487 silly registry.get     connection: 'keep-alive',
487 silly registry.get     'x-served-by': 'cache-jfk8141-JFK',
487 silly registry.get     'x-cache': 'HIT',
487 silly registry.get     'x-cache-hits': '1',
487 silly registry.get     'x-timer': 'S1497846476.048812,VS0,VE7',
487 silly registry.get     vary: 'Accept-Encoding' } ]
488 verbose etag primeui from cache
489 http 304 https://registry.npmjs.org/core-js
490 silly registry.get cb [ 304,
490 silly registry.get   { date: 'Mon, 19 Jun 2017 04:27:56 GMT',
490 silly registry.get     via: '1.1 varnish',
490 silly registry.get     'cache-control': 'max-age=300',
490 silly registry.get     etag: '"5924427b-3892a"',
490 silly registry.get     age: '0',
490 silly registry.get     connection: 'keep-alive',
490 silly registry.get     'x-served-by': 'cache-jfk8137-JFK',
490 silly registry.get     'x-cache': 'HIT',
490 silly registry.get     'x-cache-hits': '1',
490 silly registry.get     'x-timer': 'S1497846476.048382,VS0,VE9',
490 silly registry.get     vary: 'Accept-Encoding' } ]
491 verbose etag core-js from cache
492 http 304 https://registry.npmjs.org/primeng
493 silly registry.get cb [ 304,
493 silly registry.get   { date: 'Mon, 19 Jun 2017 04:27:56 GMT',
493 silly registry.get     via: '1.1 varnish',
493 silly registry.get     'cache-control': 'max-age=300',
493 silly registry.get     etag: '"59443994-17b6c"',
493 silly registry.get     age: '0',
493 silly registry.get     connection: 'keep-alive',
493 silly registry.get     'x-served-by': 'cache-jfk8150-JFK',
493 silly registry.get     'x-cache': 'HIT',
493 silly registry.get     'x-cache-hits': '1',
493 silly registry.get     'x-timer': 'S1497846476.050026,VS0,VE8',
493 silly registry.get     vary: 'Accept-Encoding' } ]
494 verbose etag primeng from cache
495 http 304 https://registry.npmjs.org/rxjs/5.0.0-beta.12
496 silly registry.get cb [ 304,
496 silly registry.get   { date: 'Mon, 19 Jun 2017 04:27:56 GMT',
496 silly registry.get     via: '1.1 varnish',
496 silly registry.get     'cache-control': 'max-age=300',
496 silly registry.get     etag: '"8E6V2Q3GDZ289MC9I1GD1785Z"',
496 silly registry.get     age: '0',
496 silly registry.get     connection: 'keep-alive',
496 silly registry.get     'x-served-by': 'cache-jfk8141-JFK',
496 silly registry.get     'x-cache': 'HIT',
496 silly registry.get     'x-cache-hits': '1',
496 silly registry.get     'x-timer': 'S1497846476.142172,VS0,VE81',
496 silly registry.get     vary: 'Accept-Encoding' } ]
497 verbose etag rxjs/5.0.0-beta.12 from cache
498 http 304 https://registry.npmjs.org/reflect-metadata
499 silly registry.get cb [ 304,
499 silly registry.get   { date: 'Mon, 19 Jun 2017 04:27:56 GMT',
499 silly registry.get     via: '1.1 varnish',
499 silly registry.get     'cache-control': 'max-age=300',
499 silly registry.get     etag: '"58bdf32e-7088"',
499 silly registry.get     age: '0',
499 silly registry.get     connection: 'keep-alive',
499 silly registry.get     'x-served-by': 'cache-jfk8142-JFK',
499 silly registry.get     'x-cache': 'HIT',
499 silly registry.get     'x-cache-hits': '1',
499 silly registry.get     'x-timer': 'S1497846476.093647,VS0,VE8',
499 silly registry.get     vary: 'Accept-Encoding' } ]
500 verbose etag reflect-metadata from cache
501 http 304 https://registry.npmjs.org/bootstrap
502 silly registry.get cb [ 304,
502 silly registry.get   { date: 'Mon, 19 Jun 2017 04:27:56 GMT',
502 silly registry.get     via: '1.1 varnish',
502 silly registry.get     'cache-control': 'max-age=300',
502 silly registry.get     etag: '"5945930c-c76e"',
502 silly registry.get     age: '0',
502 silly registry.get     connection: 'keep-alive',
502 silly registry.get     'x-served-by': 'cache-jfk8145-JFK',
502 silly registry.get     'x-cache': 'HIT',
502 silly registry.get     'x-cache-hits': '1',
502 silly registry.get     'x-timer': 'S1497846476.049324,VS0,VE68',
502 silly registry.get     vary: 'Accept-Encoding' } ]
503 verbose etag bootstrap from cache
504 http 304 https://registry.npmjs.org/systemjs/0.19.39
505 silly registry.get cb [ 304,
505 silly registry.get   { date: 'Mon, 19 Jun 2017 04:27:56 GMT',
505 silly registry.get     via: '1.1 varnish',
505 silly registry.get     'cache-control': 'max-age=300',
505 silly registry.get     etag: '"79LV3KOP346LQSE2GF2PMGO21"',
505 silly registry.get     age: '0',
505 silly registry.get     connection: 'keep-alive',
505 silly registry.get     'x-served-by': 'cache-jfk8137-JFK',
505 silly registry.get     'x-cache': 'HIT',
505 silly registry.get     'x-cache-hits': '1',
505 silly registry.get     'x-timer': 'S1497846476.221572,VS0,VE71',
505 silly registry.get     vary: 'Accept-Encoding' } ]
506 verbose etag systemjs/0.19.39 from cache
507 http 304 https://registry.npmjs.org/zone.js
508 silly registry.get cb [ 304,
508 silly registry.get   { date: 'Mon, 19 Jun 2017 04:27:56 GMT',
508 silly registry.get     via: '1.1 varnish',
508 silly registry.get     'cache-control': 'max-age=300',
508 silly registry.get     etag: '"5946432e-27920"',
508 silly registry.get     age: '0',
508 silly registry.get     connection: 'keep-alive',
508 silly registry.get     'x-served-by': 'cache-jfk8150-JFK',
508 silly registry.get     'x-cache': 'HIT',
508 silly registry.get     'x-cache-hits': '1',
508 silly registry.get     'x-timer': 'S1497846476.273137,VS0,VE10',
508 silly registry.get     vary: 'Accept-Encoding' } ]
509 verbose etag zone.js from cache
510 http 304 https://registry.npmjs.org/concurrently
511 silly registry.get cb [ 304,
511 silly registry.get   { date: 'Mon, 19 Jun 2017 04:27:56 GMT',
511 silly registry.get     via: '1.1 varnish',
511 silly registry.get     'cache-control': 'max-age=300',
511 silly registry.get     etag: '"5940ea15-8120"',
511 silly registry.get     age: '0',
511 silly registry.get     connection: 'keep-alive',
511 silly registry.get     'x-served-by': 'cache-jfk8141-JFK',
511 silly registry.get     'x-cache': 'HIT',
511 silly registry.get     'x-cache-hits': '1',
511 silly registry.get     'x-timer': 'S1497846476.393360,VS0,VE7',
511 silly registry.get     vary: 'Accept-Encoding' } ]
512 verbose etag concurrently from cache
513 http 304 https://registry.npmjs.org/lite-server
514 silly registry.get cb [ 304,
514 silly registry.get   { date: 'Mon, 19 Jun 2017 04:27:56 GMT',
514 silly registry.get     via: '1.1 varnish',
514 silly registry.get     'cache-control': 'max-age=300',
514 silly registry.get     etag: '"593dc8a1-74ee"',
514 silly registry.get     age: '0',
514 silly registry.get     connection: 'keep-alive',
514 silly registry.get     'x-served-by': 'cache-jfk8142-JFK',
514 silly registry.get     'x-cache': 'HIT',
514 silly registry.get     'x-cache-hits': '1',
514 silly registry.get     'x-timer': 'S1497846476.433699,VS0,VE8',
514 silly registry.get     vary: 'Accept-Encoding' } ]
515 verbose etag lite-server from cache
516 http 404 https://registry.npmjs.org/angular/core
517 silly registry.get cb [ 404,
517 silly registry.get   { 'content-type': 'application/json',
517 silly registry.get     'cache-control': 'max-age=0',
517 silly registry.get     'content-length': '2',
517 silly registry.get     'accept-ranges': 'bytes',
517 silly registry.get     date: 'Mon, 19 Jun 2017 04:27:56 GMT',
517 silly registry.get     via: '1.1 varnish',
517 silly registry.get     age: '0',
517 silly registry.get     connection: 'keep-alive',
517 silly registry.get     'x-served-by': 'cache-jfk8145-JFK',
517 silly registry.get     'x-cache': 'MISS',
517 silly registry.get     'x-cache-hits': '0',
517 silly registry.get     'x-timer': 'S1497846476.464001,VS0,VE110',
517 silly registry.get     vary: 'Accept-Encoding' } ]
518 http 404 https://registry.npmjs.org/angular/http
519 silly registry.get cb [ 404,
519 silly registry.get   { 'content-type': 'application/json',
519 silly registry.get     'cache-control': 'max-age=0',
519 silly registry.get     'content-length': '2',
519 silly registry.get     'accept-ranges': 'bytes',
519 silly registry.get     date: 'Mon, 19 Jun 2017 04:27:56 GMT',
519 silly registry.get     via: '1.1 varnish',
519 silly registry.get     age: '0',
519 silly registry.get     connection: 'keep-alive',
519 silly registry.get     'x-served-by': 'cache-jfk8137-JFK',
519 silly registry.get     'x-cache': 'MISS',
519 silly registry.get     'x-cache-hits': '0',
519 silly registry.get     'x-timer': 'S1497846477.514151,VS0,VE73',
519 silly registry.get     vary: 'Accept-Encoding' } ]
520 silly addNameRange number 2 { name: 'angular-in-memory-web-api',
520 silly addNameRange   range: '>=0.1.13-0 <0.2.0-0',
520 silly addNameRange   hasData: true }
521 silly addNameRange versions [ 'angular-in-memory-web-api',
521 silly addNameRange   [ '0.1.0',
521 silly addNameRange     '0.1.1',
521 silly addNameRange     '0.1.2',
521 silly addNameRange     '0.1.3',
521 silly addNameRange     '0.1.4',
521 silly addNameRange     '0.1.5',
521 silly addNameRange     '0.1.6',
521 silly addNameRange     '0.1.7',
521 silly addNameRange     '0.1.8',
521 silly addNameRange     '0.1.9',
521 silly addNameRange     '0.1.10',
521 silly addNameRange     '0.1.11',
521 silly addNameRange     '0.1.12',
521 silly addNameRange     '0.1.13',
521 silly addNameRange     '0.1.14',
521 silly addNameRange     '0.1.15',
521 silly addNameRange     '0.1.16',
521 silly addNameRange     '0.1.17',
521 silly addNameRange     '0.2.0',
521 silly addNameRange     '0.2.1',
521 silly addNameRange     '0.2.2',
521 silly addNameRange     '0.2.3',
521 silly addNameRange     '0.2.4',
521 silly addNameRange     '0.2.5',
521 silly addNameRange     '0.3.0',
521 silly addNameRange     '0.3.1',
521 silly addNameRange     '0.3.2' ] ]
522 verbose addNamed [ 'angular-in-memory-web-api', '0.1.17' ]
523 verbose addNamed [ '0.1.17', '0.1.17' ]
524 silly lockFile a8641194-angular-in-memory-web-api-0-1-17 angular-in-memory-web-api@0.1.17
525 verbose lock angular-in-memory-web-api@0.1.17 /root/.npm/a8641194-angular-in-memory-web-api-0-1-17.lock
526 silly addNameRange number 2 { name: 'primeui', range: '>=4.1.15-0 <5.0.0-0', hasData: true }
527 silly addNameRange versions [ 'primeui',
527 silly addNameRange   [ '3.0.0',
527 silly addNameRange     '3.0.1',
527 silly addNameRange     '3.0.2',
527 silly addNameRange     '4.0.0',
527 silly addNameRange     '4.1.0',
527 silly addNameRange     '4.1.1',
527 silly addNameRange     '4.1.2',
527 silly addNameRange     '4.1.3',
527 silly addNameRange     '4.1.4',
527 silly addNameRange     '4.1.5',
527 silly addNameRange     '4.1.6',
527 silly addNameRange     '4.1.7',
527 silly addNameRange     '4.1.8',
527 silly addNameRange     '4.1.9',
527 silly addNameRange     '4.1.10',
527 silly addNameRange     '4.1.11',
527 silly addNameRange     '4.1.12',
527 silly addNameRange     '4.1.13',
527 silly addNameRange     '4.1.14',
527 silly addNameRange     '4.1.15' ] ]
528 verbose addNamed [ 'primeui', '4.1.15' ]
529 verbose addNamed [ '4.1.15', '4.1.15' ]
530 silly lockFile 605a30c1-primeui-4-1-15 primeui@4.1.15
531 verbose lock primeui@4.1.15 /root/.npm/605a30c1-primeui-4-1-15.lock
532 silly addNameRange number 2 { name: 'core-js', range: '>=2.4.1-0 <3.0.0-0', hasData: true }
533 silly addNameRange versions [ 'core-js',
533 silly addNameRange   [ '0.0.3',
533 silly addNameRange     '0.0.4',
533 silly addNameRange     '0.0.5',
533 silly addNameRange     '0.0.7',
533 silly addNameRange     '0.0.8',
533 silly addNameRange     '0.0.9',
533 silly addNameRange     '0.1.1',
533 silly addNameRange     '0.1.2',
533 silly addNameRange     '0.1.3',
533 silly addNameRange     '0.1.4',
533 silly addNameRange     '0.1.5',
533 silly addNameRange     '0.2.0',
533 silly addNameRange     '0.2.1',
533 silly addNameRange     '0.2.2',
533 silly addNameRange     '0.2.3',
533 silly addNameRange     '0.2.4',
533 silly addNameRange     '0.2.5',
533 silly addNameRange     '0.3.0',
533 silly addNameRange     '0.3.1',
533 silly addNameRange     '0.3.2',
533 silly addNameRange     '0.3.3',
533 silly addNameRange     '0.4.0',
533 silly addNameRange     '0.4.1',
533 silly addNameRange     '0.4.2',
533 silly addNameRange     '0.4.3',
533 silly addNameRange     '0.4.4',
533 silly addNameRange     '0.4.5',
533 silly addNameRange     '0.4.6',
533 silly addNameRange     '0.4.7',
533 silly addNameRange     '0.4.8',
533 silly addNameRange     '0.4.9',
533 silly addNameRange     '0.4.10',
533 silly addNameRange     '0.5.0',
533 silly addNameRange     '0.5.1',
533 silly addNameRange     '0.5.2',
533 silly addNameRange     '0.5.3',
533 silly addNameRange     '0.5.4',
533 silly addNameRange     '0.6.0',
533 silly addNameRange     '0.6.1',
533 silly addNameRange     '0.7.0',
533 silly addNameRange     '0.7.1',
533 silly addNameRange     '0.7.2',
533 silly addNameRange     '0.8.0',
533 silly addNameRange     '0.8.1',
533 silly addNameRange     '0.8.2',
533 silly addNameRange     '0.8.3',
533 silly addNameRange     '0.8.4',
533 silly addNameRange     '0.9.0',
533 silly addNameRange     '0.9.1',
533 silly addNameRange     '0.9.2',
533 silly addNameRange     '0.9.3',
533 silly addNameRange     '0.9.4',
533 silly addNameRange     '0.9.5',
533 silly addNameRange     '0.9.6',
533 silly addNameRange     '0.9.7',
533 silly addNameRange     '0.9.8',
533 silly addNameRange     '0.9.9',
533 silly addNameRange     '0.9.10',
533 silly addNameRange     '0.9.11',
533 silly addNameRange     '0.9.12',
533 silly addNameRange     '0.9.13',
533 silly addNameRange     '0.9.14',
533 silly addNameRange     '0.9.15',
533 silly addNameRange     '0.9.16',
533 silly addNameRange     '0.9.17',
533 silly addNameRange     '0.9.18',
533 silly addNameRange     '1.0.0',
533 silly addNameRange     '1.0.1',
533 silly addNameRange     '1.1.0',
533 silly addNameRange     '1.1.1',
533 silly addNameRange     '1.1.2',
533 silly addNameRange     '1.1.3',
533 silly addNameRange     '1.1.4',
533 silly addNameRange     '1.2.0',
533 silly addNameRange     '1.2.1',
533 silly addNameRange     '1.2.2',
533 silly addNameRange     '1.2.3',
533 silly addNameRange     '1.2.4',
533 silly addNameRange     '1.2.5',
533 silly addNameRange     '1.2.6',
533 silly addNameRange     '2.0.0-alpha',
533 silly addNameRange     '2.0.0-beta',
533 silly addNameRange     '2.0.0-beta.2',
533 silly addNameRange     '2.0.0',
533 silly addNameRange     '2.0.1',
533 silly addNameRange     '2.0.2',
533 silly addNameRange     '2.0.3',
533 silly addNameRange     '2.1.0',
533 silly addNameRange     '2.1.1',
533 silly addNameRange     '2.1.2',
533 silly addNameRange     '2.1.3',
533 silly addNameRange     '2.1.4',
533 silly addNameRange     '2.1.5',
533 silly addNameRange     '2.2.0',
533 silly addNameRange     '2.2.1',
533 silly addNameRange     '2.2.2',
533 silly addNameRange     '2.3.0',
533 silly addNameRange     '2.4.0',
533 silly addNameRange     '1.2.7',
533 silly addNameRange     '2.4.1' ] ]
534 verbose addNamed [ 'core-js', '2.4.1' ]
535 verbose addNamed [ '2.4.1', '2.4.1' ]
536 silly lockFile fcae3d95-core-js-2-4-1 core-js@2.4.1
537 verbose lock core-js@2.4.1 /root/.npm/fcae3d95-core-js-2-4-1.lock
538 silly addNameRange number 2 { name: 'primeng',
538 silly addNameRange   range: '>=1.0.0-beta.20 <2.0.0-0',
538 silly addNameRange   hasData: true }
539 silly addNameRange versions [ 'primeng',
539 silly addNameRange   [ '0.1.0',
539 silly addNameRange     '0.2.0',
539 silly addNameRange     '0.3.0',
539 silly addNameRange     '0.4.0',
539 silly addNameRange     '0.5.0',
539 silly addNameRange     '0.6.0',
539 silly addNameRange     '0.7.0',
539 silly addNameRange     '0.8.0',
539 silly addNameRange     '0.8.1',
539 silly addNameRange     '0.8.2',
539 silly addNameRange     '0.9.0',
539 silly addNameRange     '0.9.1',
539 silly addNameRange     '1.0.0-beta.1',
539 silly addNameRange     '1.0.0-beta.2',
539 silly addNameRange     '1.0.0-beta.3',
539 silly addNameRange     '1.0.0-beta.4',
539 silly addNameRange     '1.0.0-beta.5',
539 silly addNameRange     '1.0.0-beta.6',
539 silly addNameRange     '1.0.0-beta.7',
539 silly addNameRange     '1.0.0-beta.8',
539 silly addNameRange     '1.0.0-beta.9',
539 silly addNameRange     '1.0.0-beta.10',
539 silly addNameRange     '1.0.0-beta.11',
539 silly addNameRange     '1.0.0-beta.12',
539 silly addNameRange     '1.0.0-beta.13',
539 silly addNameRange     '1.0.0-beta.14',
539 silly addNameRange     '1.0.0-beta.15',
539 silly addNameRange     '1.0.0-beta.16',
539 silly addNameRange     '1.0.0-beta.17',
539 silly addNameRange     '1.0.0-beta.19',
539 silly addNameRange     '1.0.0-beta.20',
539 silly addNameRange     '1.0.0-rc.1',
539 silly addNameRange     '1.0.0-rc.2',
539 silly addNameRange     '1.0.0-rc.3',
539 silly addNameRange     '1.0.0-rc.4',
539 silly addNameRange     '1.0.0-rc.5',
539 silly addNameRange     '1.0.0-rc.6',
539 silly addNameRange     '1.0.0-rc.7',
539 silly addNameRange     '1.0.0',
539 silly addNameRange     '1.0.1',
539 silly addNameRange     '1.1.0',
539 silly addNameRange     '1.1.1',
539 silly addNameRange     '1.1.2',
539 silly addNameRange     '1.1.3',
539 silly addNameRange     '1.1.4',
539 silly addNameRange     '2.0.0-rc.1',
539 silly addNameRange     '2.0.0-rc.2',
539 silly addNameRange     '2.0.0-rc.3',
539 silly addNameRange     '2.0.0',
539 silly addNameRange     '2.0.1',
539 silly addNameRange     '2.0.2',
539 silly addNameRange     '2.0.3',
539 silly addNameRange     '4.0.0-rc.1',
539 silly addNameRange     '2.0.4',
539 silly addNameRange     '2.0.5',
539 silly addNameRange     '4.0.0-rc.2',
539 silly addNameRange     '2.0.6',
539 silly addNameRange     '4.0.0-rc.3',
539 silly addNameRange     '4.0.0-rc.4',
539 silly addNameRange     '4.0.0-rc.5',
539 silly addNameRange     '4.0.0',
539 silly addNameRange     '4.0.1',
539 silly addNameRange     '4.0.2',
539 silly addNameRange     '4.0.3',
539 silly addNameRange     '4.1.0-rc.1',
539 silly addNameRange     '4.1.0-rc.2' ] ]
540 verbose addNamed [ 'primeng', '1.1.4' ]
541 verbose addNamed [ '1.1.4', '1.1.4' ]
542 silly lockFile dfe49eb0-primeng-1-1-4 primeng@1.1.4
543 verbose lock primeng@1.1.4 /root/.npm/dfe49eb0-primeng-1-1-4.lock
544 http 404 https://registry.npmjs.org/angular/forms
545 silly registry.get cb [ 404,
545 silly registry.get   { 'content-type': 'application/json',
545 silly registry.get     'cache-control': 'max-age=0',
545 silly registry.get     'content-length': '2',
545 silly registry.get     'accept-ranges': 'bytes',
545 silly registry.get     date: 'Mon, 19 Jun 2017 04:27:56 GMT',
545 silly registry.get     via: '1.1 varnish',
545 silly registry.get     age: '0',
545 silly registry.get     connection: 'keep-alive',
545 silly registry.get     'x-served-by': 'cache-jfk8150-JFK',
545 silly registry.get     'x-cache': 'MISS',
545 silly registry.get     'x-cache-hits': '0',
545 silly registry.get     'x-timer': 'S1497846477.544551,VS0,VE76',
545 silly registry.get     vary: 'Accept-Encoding' } ]
546 silly addNameRange number 2 { name: 'reflect-metadata',
546 silly addNameRange   range: '>=0.1.8-0 <0.2.0-0',
546 silly addNameRange   hasData: true }
547 silly addNameRange versions [ 'reflect-metadata',
547 silly addNameRange   [ '0.0.2',
547 silly addNameRange     '0.0.3',
547 silly addNameRange     '0.1.0',
547 silly addNameRange     '0.1.1',
547 silly addNameRange     '0.1.2',
547 silly addNameRange     '0.1.3',
547 silly addNameRange     '0.1.4',
547 silly addNameRange     '0.1.5',
547 silly addNameRange     '0.1.6',
547 silly addNameRange     '0.1.7',
547 silly addNameRange     '0.1.8',
547 silly addNameRange     '0.1.9',
547 silly addNameRange     '0.1.10' ] ]
548 verbose addNamed [ 'reflect-metadata', '0.1.10' ]
549 verbose addNamed [ '0.1.10', '0.1.10' ]
550 silly lockFile 25564783-reflect-metadata-0-1-10 reflect-metadata@0.1.10
551 verbose lock reflect-metadata@0.1.10 /root/.npm/25564783-reflect-metadata-0-1-10.lock
552 silly addNameRange number 2 { name: 'bootstrap', range: '>=3.3.7-0 <4.0.0-0', hasData: true }
553 silly addNameRange versions [ 'bootstrap',
553 silly addNameRange   [ '0.0.1',
553 silly addNameRange     '0.0.2',
553 silly addNameRange     '3.1.1',
553 silly addNameRange     '3.2.0',
553 silly addNameRange     '3.3.0',
553 silly addNameRange     '3.3.1',
553 silly addNameRange     '3.3.2',
553 silly addNameRange     '3.3.4',
553 silly addNameRange     '3.3.5',
553 silly addNameRange     '3.3.6',
553 silly addNameRange     '4.0.0-alpha.2',
553 silly addNameRange     '3.3.7',
553 silly addNameRange     '4.0.0-alpha.3',
553 silly addNameRange     '4.0.0-alpha.4',
553 silly addNameRange     '4.0.0-alpha.5',
553 silly addNameRange     '4.0.0-alpha.6' ] ]
554 verbose addNamed [ 'bootstrap', '3.3.7' ]
555 verbose addNamed [ '3.3.7', '3.3.7' ]
556 silly lockFile 7976a4e0-bootstrap-3-3-7 bootstrap@3.3.7
557 verbose lock bootstrap@3.3.7 /root/.npm/7976a4e0-bootstrap-3-3-7.lock
558 http 404 https://registry.npmjs.org/angular/platform-browser
559 silly registry.get cb [ 404,
559 silly registry.get   { 'content-type': 'application/json',
559 silly registry.get     'cache-control': 'max-age=0',
559 silly registry.get     'content-length': '2',
559 silly registry.get     'accept-ranges': 'bytes',
559 silly registry.get     date: 'Mon, 19 Jun 2017 04:27:56 GMT',
559 silly registry.get     via: '1.1 varnish',
559 silly registry.get     age: '0',
559 silly registry.get     connection: 'keep-alive',
559 silly registry.get     'x-served-by': 'cache-jfk8141-JFK',
559 silly registry.get     'x-cache': 'MISS',
559 silly registry.get     'x-cache-hits': '0',
559 silly registry.get     'x-timer': 'S1497846477.575278,VS0,VE102',
559 silly registry.get     vary: 'Accept-Encoding' } ]
560 silly addNameRange number 2 { name: 'zone.js', range: '>=0.6.25-0 <0.7.0-0', hasData: true }
561 silly addNameRange versions [ 'zone.js',
561 silly addNameRange   [ '0.1.0',
561 silly addNameRange     '0.1.1',
561 silly addNameRange     '0.2.0',
561 silly addNameRange     '0.2.1',
561 silly addNameRange     '0.2.3',
561 silly addNameRange     '0.2.2',
561 silly addNameRange     '0.2.4',
561 silly addNameRange     '0.3.0',
561 silly addNameRange     '0.4.0',
561 silly addNameRange     '0.4.1',
561 silly addNameRange     '0.4.2',
561 silly addNameRange     '0.4.3',
561 silly addNameRange     '0.4.4',
561 silly addNameRange     '0.5.0',
561 silly addNameRange     '0.5.1',
561 silly addNameRange     '0.5.2',
561 silly addNameRange     '0.5.3',
561 silly addNameRange     '0.5.4',
561 silly addNameRange     '0.5.5',
561 silly addNameRange     '0.5.6',
561 silly addNameRange     '0.5.7',
561 silly addNameRange     '0.5.8',
561 silly addNameRange     '0.5.9',
561 silly addNameRange     '0.5.10',
561 silly addNameRange     '0.5.11',
561 silly addNameRange     '0.5.12',
561 silly addNameRange     '0.5.13',
561 silly addNameRange     '0.5.14',
561 silly addNameRange     '0.5.15',
561 silly addNameRange     '0.6.0',
561 silly addNameRange     '0.6.1',
561 silly addNameRange     '0.6.2',
561 silly addNameRange     '0.6.3',
561 silly addNameRange     '0.6.4',
561 silly addNameRange     '0.6.5',
561 silly addNameRange     '0.6.6',
561 silly addNameRange     '0.6.8',
561 silly addNameRange     '0.6.9',
561 silly addNameRange     '0.6.10',
561 silly addNameRange     '0.6.11',
561 silly addNameRange     '0.6.12',
561 silly addNameRange     '0.6.13',
561 silly addNameRange     '0.6.14',
561 silly addNameRange     '0.6.15',
561 silly addNameRange     '0.6.16',
561 silly addNameRange     '0.6.17',
561 silly addNameRange     '0.6.18',
561 silly addNameRange     '0.6.19',
561 silly addNameRange     '0.6.20',
561 silly addNameRange     '0.6.21',
561 silly addNameRange     '0.6.22',
561 silly addNameRange     '0.6.23',
561 silly addNameRange     '0.6.24',
561 silly addNameRange     '0.6.25',
561 silly addNameRange     '0.6.26',
561 silly addNameRange     '0.7.0',
561 silly addNameRange     '0.7.1',
561 silly addNameRange     '0.7.2',
561 silly addNameRange     '0.7.3',
561 silly addNameRange     '0.7.4',
561 silly addNameRange     '0.7.5',
561 silly addNameRange     '0.7.6',
561 silly addNameRange     '0.7.7',
561 silly addNameRange     '0.7.8',
561 silly addNameRange     '0.8.0',
561 silly addNameRange     '0.8.1',
561 silly addNameRange     '0.8.2',
561 silly addNameRange     '0.8.3',
561 silly addNameRange     '0.8.4',
561 silly addNameRange     '0.8.5',
561 silly addNameRange     '0.8.6',
561 silly addNameRange     '0.8.7',
561 silly addNameRange     '0.8.8',
561 silly addNameRange     '0.8.9',
561 silly addNameRange     '0.8.10',
561 silly addNameRange     '0.8.11',
561 silly addNameRange     '0.8.12' ] ]
562 verbose addNamed [ 'zone.js', '0.6.26' ]
563 verbose addNamed [ '0.6.26', '0.6.26' ]
564 silly lockFile 2b325386-zone-js-0-6-26 zone.js@0.6.26
565 verbose lock zone.js@0.6.26 /root/.npm/2b325386-zone-js-0-6-26.lock
566 http 304 https://registry.npmjs.org/style-loader
567 silly registry.get cb [ 304,
567 silly registry.get   { date: 'Mon, 19 Jun 2017 04:27:56 GMT',
567 silly registry.get     via: '1.1 varnish',
567 silly registry.get     'cache-control': 'max-age=300',
567 silly registry.get     etag: '"593fc513-e6d6"',
567 silly registry.get     age: '164',
567 silly registry.get     connection: 'keep-alive',
567 silly registry.get     'x-served-by': 'cache-jfk8142-JFK',
567 silly registry.get     'x-cache': 'HIT',
567 silly registry.get     'x-cache-hits': '1',
567 silly registry.get     'x-timer': 'S1497846477.603737,VS0,VE1',
567 silly registry.get     vary: 'Accept-Encoding' } ]
568 verbose etag style-loader from cache
569 silly addNameRange number 2 { name: 'concurrently',
569 silly addNameRange   range: '>=3.0.0-0 <4.0.0-0',
569 silly addNameRange   hasData: true }
570 silly addNameRange versions [ 'concurrently',
570 silly addNameRange   [ '0.0.2',
570 silly addNameRange     '0.0.3',
570 silly addNameRange     '0.0.4',
570 silly addNameRange     '0.0.5',
570 silly addNameRange     '0.1.0',
570 silly addNameRange     '0.1.1',
570 silly addNameRange     '1.0.0',
570 silly addNameRange     '2.0.0',
570 silly addNameRange     '2.1.0',
570 silly addNameRange     '2.2.0',
570 silly addNameRange     '3.0.0-dev',
570 silly addNameRange     '3.0.0-rc1',
570 silly addNameRange     '3.0.0',
570 silly addNameRange     '3.1.0',
570 silly addNameRange     '3.2.0',
570 silly addNameRange     '3.3.0',
570 silly addNameRange     '3.4.0' ] ]
571 verbose addNamed [ 'concurrently', '3.4.0' ]
572 verbose addNamed [ '3.4.0', '3.4.0' ]
573 silly lockFile c2cb194d-concurrently-3-4-0 concurrently@3.4.0
574 verbose lock concurrently@3.4.0 /root/.npm/c2cb194d-concurrently-3-4-0.lock
575 http 304 https://registry.npmjs.org/html-loader
576 silly registry.get cb [ 304,
576 silly registry.get   { date: 'Mon, 19 Jun 2017 04:27:56 GMT',
576 silly registry.get     via: '1.1 varnish',
576 silly registry.get     'cache-control': 'max-age=300',
576 silly registry.get     etag: '"593fbb9a-60e7"',
576 silly registry.get     age: '0',
576 silly registry.get     connection: 'keep-alive',
576 silly registry.get     'x-served-by': 'cache-jfk8145-JFK',
576 silly registry.get     'x-cache': 'HIT',
576 silly registry.get     'x-cache-hits': '1',
576 silly registry.get     'x-timer': 'S1497846477.634909,VS0,VE8',
576 silly registry.get     vary: 'Accept-Encoding' } ]
577 verbose etag html-loader from cache
578 silly addNameRange number 2 { name: 'lite-server',
578 silly addNameRange   range: '>=2.2.2-0 <3.0.0-0',
578 silly addNameRange   hasData: true }
579 silly addNameRange versions [ 'lite-server',
579 silly addNameRange   [ '1.0.0',
579 silly addNameRange     '1.0.1',
579 silly addNameRange     '1.0.3',
579 silly addNameRange     '1.1.0',
579 silly addNameRange     '1.2.0',
579 silly addNameRange     '1.3.0',
579 silly addNameRange     '1.3.1',
579 silly addNameRange     '1.3.2',
579 silly addNameRange     '1.3.3',
579 silly addNameRange     '1.3.4',
579 silly addNameRange     '2.0.0',
579 silly addNameRange     '2.0.1',
579 silly addNameRange     '2.1.0',
579 silly addNameRange     '2.2.0',
579 silly addNameRange     '2.2.2',
579 silly addNameRange     '2.3.0' ] ]
580 verbose addNamed [ 'lite-server', '2.3.0' ]
581 verbose addNamed [ '2.3.0', '2.3.0' ]
582 silly lockFile 8ec4f932-lite-server-2-3-0 lite-server@2.3.0
583 verbose lock lite-server@2.3.0 /root/.npm/8ec4f932-lite-server-2-3-0.lock
584 http 304 https://registry.npmjs.org/css-loader
585 silly registry.get cb [ 304,
585 silly registry.get   { date: 'Mon, 19 Jun 2017 04:27:56 GMT',
585 silly registry.get     via: '1.1 varnish',
585 silly registry.get     'cache-control': 'max-age=300',
585 silly registry.get     etag: '"593fc527-1e021"',
585 silly registry.get     age: '0',
585 silly registry.get     connection: 'keep-alive',
585 silly registry.get     'x-served-by': 'cache-jfk8137-JFK',
585 silly registry.get     'x-cache': 'HIT',
585 silly registry.get     'x-cache-hits': '1',
585 silly registry.get     'x-timer': 'S1497846477.665183,VS0,VE8',
585 silly registry.get     vary: 'Accept-Encoding' } ]
586 verbose etag css-loader from cache
587 silly addNameRange number 2 { name: 'angular/core',
587 silly addNameRange   range: '>=2.1.1-0 <2.2.0-0',
587 silly addNameRange   hasData: true }
588 silly addNameRange versions [ undefined, [] ]
589 error TypeError: Cannot read property 'latest' of undefined
589 error     at next (/usr/share/npm/lib/cache.js:687:35)
589 error     at /usr/share/npm/lib/cache.js:675:5
589 error     at saved (/usr/share/npm/node_modules/npm-registry-client/lib/get.js:142:7)
589 error     at /usr/lib/nodejs/graceful-fs/polyfills.js:133:7
589 error     at Object.oncomplete (fs.js:107:15)
590 error If you need help, you may report this log at:
590 error     <http://github.com/isaacs/npm/issues>
590 error or email it to:
590 error     <npm-@googlegroups.com>
591 error System Linux 3.13.0-85-generic
592 error command "/usr/bin/nodejs" "/usr/bin/npm" "i"
593 error cwd /root/jasonvila.com/frontend
594 error node -v v0.10.25
595 error npm -v 1.3.10
596 error type non_object_property_load
597 verbose exit [ 1, true ]
